<?xml version="1.0" encoding="UTF-8"?>
<coverage generated="1535309973218" clover="3.2.0">
  <project timestamp="1535309973218" name="All files">
    <metrics statements="233" coveredstatements="212" conditionals="66" coveredconditionals="57" methods="57" coveredmethods="47" elements="356" coveredelements="316" complexity="0" loc="233" ncloc="233" packages="5" files="16" classes="16">
      <package name="arithmetic-interpreter.interpreters">
        <metrics statements="56" coveredstatements="56" conditionals="18" coveredconditionals="17" methods="15" coveredmethods="13"/>
        <file name="Arithmetic.js" path="/Users/dcampion/Documents/interpreter-compiler-studies/src/arithmetic-interpreter/interpreters/Arithmetic.js">
          <metrics statements="21" coveredstatements="21" conditionals="8" coveredconditionals="7" methods="5" coveredmethods="5"/>
          <line num="1" count="1" type="stmt"/>
          <line num="2" count="1" type="stmt"/>
          <line num="3" count="1" type="stmt"/>
          <line num="4" count="1" type="stmt"/>
          <line num="11" count="8" type="stmt"/>
          <line num="12" count="8" type="stmt"/>
          <line num="13" count="8" type="stmt"/>
          <line num="17" count="16" type="cond" truecount="4" falsecount="0"/>
          <line num="19" count="4" type="stmt"/>
          <line num="21" count="4" type="stmt"/>
          <line num="23" count="6" type="stmt"/>
          <line num="25" count="2" type="stmt"/>
          <line num="30" count="11" type="stmt"/>
          <line num="32" count="11" type="cond" truecount="2" falsecount="0"/>
          <line num="33" count="1" type="stmt"/>
          <line num="34" count="10" type="cond" truecount="1" falsecount="1"/>
          <line num="35" count="10" type="stmt"/>
          <line num="40" count="24" type="stmt"/>
          <line num="44" count="8" type="stmt"/>
          <line num="45" count="8" type="stmt"/>
          <line num="49" count="1" type="stmt"/>
        </file>
        <file name="LISP.js" path="/Users/dcampion/Documents/interpreter-compiler-studies/src/arithmetic-interpreter/interpreters/LISP.js">
          <metrics statements="23" coveredstatements="23" conditionals="10" coveredconditionals="10" methods="5" coveredmethods="4"/>
          <line num="1" count="1" type="stmt"/>
          <line num="2" count="1" type="stmt"/>
          <line num="3" count="1" type="stmt"/>
          <line num="4" count="1" type="stmt"/>
          <line num="11" count="4" type="stmt"/>
          <line num="12" count="4" type="stmt"/>
          <line num="13" count="4" type="stmt"/>
          <line num="17" count="10" type="stmt"/>
          <line num="19" count="10" type="stmt"/>
          <line num="20" count="10" type="stmt"/>
          <line num="22" count="10" type="cond" truecount="2" falsecount="0"/>
          <line num="23" count="7" type="stmt"/>
          <line num="26" count="10" type="cond" truecount="4" falsecount="0"/>
          <line num="29" count="2" type="stmt"/>
          <line num="31" count="8" type="stmt"/>
          <line num="34" count="10" type="cond" truecount="4" falsecount="0"/>
          <line num="37" count="1" type="stmt"/>
          <line num="39" count="9" type="stmt"/>
          <line num="42" count="10" type="stmt"/>
          <line num="50" count="14" type="stmt"/>
          <line num="54" count="4" type="stmt"/>
          <line num="55" count="4" type="stmt"/>
          <line num="59" count="1" type="stmt"/>
        </file>
        <file name="Postfix.js" path="/Users/dcampion/Documents/interpreter-compiler-studies/src/arithmetic-interpreter/interpreters/Postfix.js">
          <metrics statements="12" coveredstatements="12" conditionals="0" coveredconditionals="0" methods="5" coveredmethods="4"/>
          <line num="1" count="1" type="stmt"/>
          <line num="2" count="1" type="stmt"/>
          <line num="3" count="1" type="stmt"/>
          <line num="4" count="1" type="stmt"/>
          <line num="11" count="4" type="stmt"/>
          <line num="12" count="4" type="stmt"/>
          <line num="13" count="4" type="stmt"/>
          <line num="17" count="12" type="stmt"/>
          <line num="25" count="16" type="stmt"/>
          <line num="29" count="4" type="stmt"/>
          <line num="30" count="4" type="stmt"/>
          <line num="34" count="1" type="stmt"/>
        </file>
      </package>
      <package name="arithmetic-interpreter.modules">
        <metrics statements="120" coveredstatements="115" conditionals="39" coveredconditionals="37" methods="28" coveredmethods="25"/>
        <file name="Lexer.js" path="/Users/dcampion/Documents/interpreter-compiler-studies/src/arithmetic-interpreter/modules/Lexer.js">
          <metrics statements="66" coveredstatements="66" conditionals="28" coveredconditionals="28" methods="12" coveredmethods="12"/>
          <line num="2" count="5" type="stmt"/>
          <line num="3" count="5" type="stmt"/>
          <line num="4" count="5" type="stmt"/>
          <line num="5" count="5" type="stmt"/>
          <line num="6" count="5" type="stmt"/>
          <line num="10" count="393" type="stmt"/>
          <line num="14" count="517" type="stmt"/>
          <line num="18" count="4" type="stmt"/>
          <line num="19" count="15" type="cond" truecount="2" falsecount="0"/>
          <line num="20" count="4" type="stmt"/>
          <line num="24" count="46" type="stmt"/>
          <line num="25" count="46" type="stmt"/>
          <line num="26" count="46" type="stmt"/>
          <line num="27" count="46" type="stmt"/>
          <line num="34" count="59" type="stmt"/>
          <line num="35" count="59" type="cond" truecount="2" falsecount="0"/>
          <line num="44" count="5" type="cond" truecount="4" falsecount="0"/>
          <line num="45" count="2" type="stmt"/>
          <line num="46" count="2" type="stmt"/>
          <line num="49" count="3" type="stmt"/>
          <line num="50" count="3" type="stmt"/>
          <line num="57" count="225" type="stmt"/>
          <line num="58" count="74" type="stmt"/>
          <line num="67" count="88" type="stmt"/>
          <line num="68" count="88" type="stmt"/>
          <line num="69" count="112" type="stmt"/>
          <line num="70" count="112" type="stmt"/>
          <line num="74" count="88" type="cond" truecount="5" falsecount="0"/>
          <line num="75" count="1" type="stmt"/>
          <line num="76" count="1" type="stmt"/>
          <line num="79" count="87" type="stmt"/>
          <line num="86" count="324" type="stmt"/>
          <line num="87" count="324" type="cond" truecount="2" falsecount="0"/>
          <line num="91" count="220" type="stmt"/>
          <line num="92" count="220" type="stmt"/>
          <line num="94" count="220" type="cond" truecount="2" falsecount="0"/>
          <line num="95" count="85" type="stmt"/>
          <line num="97" count="135" type="cond" truecount="7" falsecount="0"/>
          <line num="99" count="24" type="stmt"/>
          <line num="100" count="24" type="stmt"/>
          <line num="102" count="19" type="stmt"/>
          <line num="103" count="19" type="stmt"/>
          <line num="105" count="19" type="stmt"/>
          <line num="106" count="19" type="stmt"/>
          <line num="108" count="6" type="stmt"/>
          <line num="109" count="6" type="stmt"/>
          <line num="111" count="12" type="stmt"/>
          <line num="112" count="12" type="stmt"/>
          <line num="114" count="24" type="stmt"/>
          <line num="115" count="24" type="stmt"/>
          <line num="117" count="29" type="stmt"/>
          <line num="119" count="135" type="stmt"/>
          <line num="122" count="220" type="cond" truecount="2" falsecount="0"/>
          <line num="123" count="2" type="stmt"/>
          <line num="124" count="2" type="stmt"/>
          <line num="127" count="219" type="stmt"/>
          <line num="136" count="5" type="stmt"/>
          <line num="137" count="5" type="stmt"/>
          <line num="139" count="5" type="stmt"/>
          <line num="140" count="32" type="stmt"/>
          <line num="142" count="31" type="cond" truecount="2" falsecount="0"/>
          <line num="143" count="1" type="stmt"/>
          <line num="144" count="1" type="stmt"/>
          <line num="146" count="30" type="stmt"/>
          <line num="148" count="30" type="stmt"/>
          <line num="153" count="5" type="stmt"/>
        </file>
        <file name="Parser.js" path="/Users/dcampion/Documents/interpreter-compiler-studies/src/arithmetic-interpreter/modules/Parser.js">
          <metrics statements="40" coveredstatements="38" conditionals="6" coveredconditionals="6" methods="8" coveredmethods="7"/>
          <line num="1" count="4" type="stmt"/>
          <line num="2" count="4" type="stmt"/>
          <line num="3" count="4" type="stmt"/>
          <line num="4" count="4" type="stmt"/>
          <line num="5" count="4" type="stmt"/>
          <line num="9" count="28" type="stmt"/>
          <line num="10" count="28" type="stmt"/>
          <line num="11" count="28" type="stmt"/>
          <line num="15" count="0" type="stmt"/>
          <line num="16" count="0" type="stmt"/>
          <line num="20" count="151" type="stmt"/>
          <line num="21" count="151" type="cond" truecount="2" falsecount="0"/>
          <line num="22" count="150" type="stmt"/>
          <line num="23" count="150" type="stmt"/>
          <line num="24" count="150" type="stmt"/>
          <line num="26" count="1" type="stmt"/>
          <line num="33" count="93" type="stmt"/>
          <line num="36" count="93" type="cond" truecount="4" falsecount="0"/>
          <line num="38" count="2" type="stmt"/>
          <line num="39" count="2" type="stmt"/>
          <line num="41" count="11" type="stmt"/>
          <line num="42" count="11" type="stmt"/>
          <line num="44" count="69" type="stmt"/>
          <line num="45" count="69" type="stmt"/>
          <line num="47" count="11" type="stmt"/>
          <line num="48" count="11" type="stmt"/>
          <line num="51" count="93" type="stmt"/>
          <line num="55" count="55" type="stmt"/>
          <line num="57" count="55" type="stmt"/>
          <line num="58" count="21" type="stmt"/>
          <line num="59" count="21" type="stmt"/>
          <line num="62" count="55" type="stmt"/>
          <line num="66" count="31" type="stmt"/>
          <line num="68" count="31" type="stmt"/>
          <line num="69" count="22" type="stmt"/>
          <line num="71" count="22" type="stmt"/>
          <line num="74" count="31" type="stmt"/>
          <line num="78" count="29" type="stmt"/>
          <line num="82" count="17" type="stmt"/>
          <line num="86" count="4" type="stmt"/>
        </file>
        <file name="Token.js" path="/Users/dcampion/Documents/interpreter-compiler-studies/src/arithmetic-interpreter/modules/Token.js">
          <metrics statements="7" coveredstatements="6" conditionals="1" coveredconditionals="1" methods="5" coveredmethods="4"/>
          <line num="3" count="0" type="stmt"/>
          <line num="6" count="224" type="stmt"/>
          <line num="7" count="224" type="stmt"/>
          <line num="11" count="10" type="stmt"/>
          <line num="15" count="44" type="stmt"/>
          <line num="19" count="1" type="stmt"/>
          <line num="23" count="5" type="stmt"/>
        </file>
        <file name="Visitor.js" path="/Users/dcampion/Documents/interpreter-compiler-studies/src/arithmetic-interpreter/modules/Visitor.js">
          <metrics statements="7" coveredstatements="5" conditionals="4" coveredconditionals="2" methods="3" coveredmethods="2"/>
          <line num="3" count="16" type="cond" truecount="1" falsecount="1"/>
          <line num="4" count="0" type="stmt"/>
          <line num="9" count="0" type="stmt"/>
          <line num="13" count="103" type="stmt"/>
          <line num="14" count="103" type="cond" truecount="1" falsecount="1"/>
          <line num="16" count="103" type="stmt"/>
          <line num="20" count="3" type="stmt"/>
        </file>
      </package>
      <package name="arithmetic-interpreter.types">
        <metrics statements="2" coveredstatements="2" conditionals="0" coveredconditionals="0" methods="0" coveredmethods="0"/>
        <file name="symbols.js" path="/Users/dcampion/Documents/interpreter-compiler-studies/src/arithmetic-interpreter/types/symbols.js">
          <metrics statements="1" coveredstatements="1" conditionals="0" coveredconditionals="0" methods="0" coveredmethods="0"/>
          <line num="3" count="5" type="stmt"/>
        </file>
        <file name="token-types.js" path="/Users/dcampion/Documents/interpreter-compiler-studies/src/arithmetic-interpreter/types/token-types.js">
          <metrics statements="1" coveredstatements="1" conditionals="0" coveredconditionals="0" methods="0" coveredmethods="0"/>
          <line num="1" count="5" type="stmt"/>
        </file>
      </package>
      <package name="data-structures.AST">
        <metrics statements="23" coveredstatements="22" conditionals="2" coveredconditionals="1" methods="4" coveredmethods="4"/>
        <file name="AST.js" path="/Users/dcampion/Documents/interpreter-compiler-studies/src/data-structures/AST/AST.js">
          <metrics statements="4" coveredstatements="3" conditionals="2" coveredconditionals="1" methods="1" coveredmethods="1"/>
          <line num="13" count="125" type="cond" truecount="1" falsecount="1"/>
          <line num="14" count="0" type="stmt"/>
          <line num="16" count="125" type="stmt"/>
          <line num="20" count="4" type="stmt"/>
        </file>
        <file name="BinaryOp.js" path="/Users/dcampion/Documents/interpreter-compiler-studies/src/data-structures/AST/BinaryOp.js">
          <metrics statements="6" coveredstatements="6" conditionals="0" coveredconditionals="0" methods="1" coveredmethods="1"/>
          <line num="1" count="4" type="stmt"/>
          <line num="15" count="43" type="stmt"/>
          <line num="16" count="43" type="stmt"/>
          <line num="17" count="43" type="stmt"/>
          <line num="18" count="43" type="stmt"/>
          <line num="22" count="4" type="stmt"/>
        </file>
        <file name="Number.js" path="/Users/dcampion/Documents/interpreter-compiler-studies/src/data-structures/AST/Number.js">
          <metrics statements="4" coveredstatements="4" conditionals="0" coveredconditionals="0" methods="1" coveredmethods="1"/>
          <line num="1" count="4" type="stmt"/>
          <line num="12" count="69" type="stmt"/>
          <line num="13" count="69" type="stmt"/>
          <line num="17" count="4" type="stmt"/>
        </file>
        <file name="UnaryOp.js" path="/Users/dcampion/Documents/interpreter-compiler-studies/src/data-structures/AST/UnaryOp.js">
          <metrics statements="5" coveredstatements="5" conditionals="0" coveredconditionals="0" methods="1" coveredmethods="1"/>
          <line num="1" count="4" type="stmt"/>
          <line num="20" count="13" type="stmt"/>
          <line num="21" count="13" type="stmt"/>
          <line num="22" count="13" type="stmt"/>
          <line num="26" count="4" type="stmt"/>
        </file>
        <file name="index.js" path="/Users/dcampion/Documents/interpreter-compiler-studies/src/data-structures/AST/index.js">
          <metrics statements="4" coveredstatements="4" conditionals="0" coveredconditionals="0" methods="0" coveredmethods="0"/>
          <line num="1" count="4" type="stmt"/>
          <line num="2" count="4" type="stmt"/>
          <line num="3" count="4" type="stmt"/>
          <line num="5" count="4" type="stmt"/>
        </file>
      </package>
      <package name="util">
        <metrics statements="32" coveredstatements="17" conditionals="7" coveredconditionals="2" methods="10" coveredmethods="5"/>
        <file name="Error.js" path="/Users/dcampion/Documents/interpreter-compiler-studies/src/util/Error.js">
          <metrics statements="6" coveredstatements="6" conditionals="2" coveredconditionals="1" methods="3" coveredmethods="3"/>
          <line num="3" count="7" type="stmt"/>
          <line num="4" count="7" type="stmt"/>
          <line num="5" count="7" type="cond" truecount="1" falsecount="1"/>
          <line num="11" count="5" type="stmt"/>
          <line num="17" count="2" type="stmt"/>
          <line num="21" count="5" type="stmt"/>
        </file>
        <file name="Log.js" path="/Users/dcampion/Documents/interpreter-compiler-studies/src/util/Log.js">
          <metrics statements="26" coveredstatements="11" conditionals="5" coveredconditionals="1" methods="7" coveredmethods="2"/>
          <line num="1" count="5" type="stmt"/>
          <line num="3" count="5" type="stmt"/>
          <line num="4" count="5" type="stmt"/>
          <line num="5" count="5" type="stmt"/>
          <line num="6" count="5" type="stmt"/>
          <line num="17" count="4" type="cond" truecount="1" falsecount="4"/>
          <line num="19" count="0" type="stmt"/>
          <line num="20" count="0" type="stmt"/>
          <line num="22" count="0" type="stmt"/>
          <line num="23" count="0" type="stmt"/>
          <line num="25" count="4" type="stmt"/>
          <line num="26" count="4" type="stmt"/>
          <line num="28" count="0" type="stmt"/>
          <line num="29" count="0" type="stmt"/>
          <line num="31" count="0" type="stmt"/>
          <line num="32" count="0" type="stmt"/>
          <line num="33" count="0" type="stmt"/>
          <line num="36" count="4" type="stmt"/>
          <line num="40" count="0" type="stmt"/>
          <line num="44" count="4" type="stmt"/>
          <line num="48" count="0" type="stmt"/>
          <line num="52" count="0" type="stmt"/>
          <line num="56" count="0" type="stmt"/>
          <line num="60" count="0" type="stmt"/>
          <line num="61" count="0" type="stmt"/>
          <line num="66" count="5" type="stmt"/>
        </file>
      </package>
    </metrics>
  </project>
</coverage>
