{"/home/dave/public_html/interpreter-compiler-studies/src/arithmetic-interpreter/modules/Interpreter.js": {"path":"/home/dave/public_html/interpreter-compiler-studies/src/arithmetic-interpreter/modules/Interpreter.js","statementMap":{"0":{"start":{"line":2,"column":26},"end":{"line":2,"column":53}},"1":{"start":{"line":3,"column":12},"end":{"line":3,"column":37}},"2":{"start":{"line":4,"column":60},"end":{"line":4,"column":91}},"3":{"start":{"line":7,"column":8},"end":{"line":7,"column":29}},"4":{"start":{"line":11,"column":8},"end":{"line":11,"column":107}},"5":{"start":{"line":12,"column":8},"end":{"line":12,"column":16}},"6":{"start":{"line":16,"column":8},"end":{"line":16,"column":38}},"7":{"start":{"line":24,"column":8},"end":{"line":24,"column":35}},"8":{"start":{"line":34,"column":8},"end":{"line":34,"column":37}},"9":{"start":{"line":35,"column":8},"end":{"line":40,"column":9}},"10":{"start":{"line":36,"column":12},"end":{"line":36,"column":42}},"11":{"start":{"line":38,"column":26},"end":{"line":38,"column":141}},"12":{"start":{"line":39,"column":12},"end":{"line":39,"column":30}},"13":{"start":{"line":44,"column":22},"end":{"line":44,"column":50}},"14":{"start":{"line":46,"column":8},"end":{"line":46,"column":27}},"15":{"start":{"line":50,"column":21},"end":{"line":50,"column":32}},"16":{"start":{"line":51,"column":8},"end":{"line":58,"column":9}},"17":{"start":{"line":52,"column":29},"end":{"line":52,"column":61}},"18":{"start":{"line":53,"column":12},"end":{"line":57,"column":13}},"19":{"start":{"line":54,"column":16},"end":{"line":54,"column":38}},"20":{"start":{"line":55,"column":18},"end":{"line":57,"column":13}},"21":{"start":{"line":56,"column":16},"end":{"line":56,"column":38}},"22":{"start":{"line":60,"column":8},"end":{"line":60,"column":22}},"23":{"start":{"line":64,"column":0},"end":{"line":64,"column":29}}},"fnMap":{"0":{"name":"(anonymous_0)","decl":{"start":{"line":6,"column":4},"end":{"line":6,"column":5}},"loc":{"start":{"line":6,"column":24},"end":{"line":8,"column":5}},"line":6},"1":{"name":"(anonymous_1)","decl":{"start":{"line":10,"column":4},"end":{"line":10,"column":5}},"loc":{"start":{"line":10,"column":13},"end":{"line":13,"column":5}},"line":10},"2":{"name":"(anonymous_2)","decl":{"start":{"line":15,"column":4},"end":{"line":15,"column":5}},"loc":{"start":{"line":15,"column":23},"end":{"line":17,"column":5}},"line":15},"3":{"name":"(anonymous_3)","decl":{"start":{"line":23,"column":4},"end":{"line":23,"column":5}},"loc":{"start":{"line":23,"column":22},"end":{"line":25,"column":5}},"line":23},"4":{"name":"(anonymous_4)","decl":{"start":{"line":33,"column":4},"end":{"line":33,"column":5}},"loc":{"start":{"line":33,"column":47},"end":{"line":41,"column":5}},"line":33},"5":{"name":"(anonymous_5)","decl":{"start":{"line":43,"column":4},"end":{"line":43,"column":5}},"loc":{"start":{"line":43,"column":10},"end":{"line":47,"column":5}},"line":43},"6":{"name":"(anonymous_6)","decl":{"start":{"line":49,"column":4},"end":{"line":49,"column":5}},"loc":{"start":{"line":49,"column":16},"end":{"line":61,"column":5}},"line":49}},"branchMap":{"0":{"loc":{"start":{"line":16,"column":15},"end":{"line":16,"column":37}},"type":"binary-expr","locations":[{"start":{"line":16,"column":15},"end":{"line":16,"column":29}},{"start":{"line":16,"column":33},"end":{"line":16,"column":37}}],"line":16},"1":{"loc":{"start":{"line":35,"column":8},"end":{"line":40,"column":9}},"type":"if","locations":[{"start":{"line":35,"column":8},"end":{"line":40,"column":9}},{"start":{"line":35,"column":8},"end":{"line":40,"column":9}}],"line":35},"2":{"loc":{"start":{"line":53,"column":12},"end":{"line":57,"column":13}},"type":"if","locations":[{"start":{"line":53,"column":12},"end":{"line":57,"column":13}},{"start":{"line":53,"column":12},"end":{"line":57,"column":13}}],"line":53},"3":{"loc":{"start":{"line":55,"column":18},"end":{"line":57,"column":13}},"type":"if","locations":[{"start":{"line":55,"column":18},"end":{"line":57,"column":13}},{"start":{"line":55,"column":18},"end":{"line":57,"column":13}}],"line":55}},"s":{"0":1,"1":1,"2":1,"3":13,"4":3,"5":3,"6":34,"7":17,"8":18,"9":18,"10":15,"11":3,"12":3,"13":9,"14":9,"15":3,"16":3,"17":5,"18":4,"19":2,"20":2,"21":2,"22":2,"23":1},"f":{"0":13,"1":3,"2":34,"3":17,"4":18,"5":9,"6":3},"b":{"0":[34,1],"1":[15,3],"2":[2,2],"3":[2,0]},"_coverageSchema":"332fd63041d2c1bcb487cc26dd0d5f7d97098a6c","hash":"5404e2e3c7eb7406fba4b98dbccf6024fa5f12b9"}
,"/home/dave/public_html/interpreter-compiler-studies/src/arithmetic-interpreter/modules/Lexer.js": {"path":"/home/dave/public_html/interpreter-compiler-studies/src/arithmetic-interpreter/modules/Lexer.js","statementMap":{"0":{"start":{"line":2,"column":60},"end":{"line":2,"column":91}},"1":{"start":{"line":3,"column":15},"end":{"line":3,"column":42}},"2":{"start":{"line":4,"column":14},"end":{"line":4,"column":32}},"3":{"start":{"line":5,"column":38},"end":{"line":5,"column":65}},"4":{"start":{"line":6,"column":12},"end":{"line":6,"column":37}},"5":{"start":{"line":10,"column":8},"end":{"line":10,"column":40}},"6":{"start":{"line":14,"column":8},"end":{"line":14,"column":43}},"7":{"start":{"line":18,"column":8},"end":{"line":19,"column":107}},"8":{"start":{"line":19,"column":66},"end":{"line":19,"column":102}},"9":{"start":{"line":20,"column":8},"end":{"line":20,"column":16}},"10":{"start":{"line":24,"column":8},"end":{"line":24,"column":34}},"11":{"start":{"line":25,"column":8},"end":{"line":25,"column":23}},"12":{"start":{"line":26,"column":8},"end":{"line":26,"column":32}},"13":{"start":{"line":27,"column":8},"end":{"line":27,"column":25}},"14":{"start":{"line":31,"column":8},"end":{"line":31,"column":23}},"15":{"start":{"line":32,"column":8},"end":{"line":32,"column":65}},"16":{"start":{"line":36,"column":8},"end":{"line":39,"column":9}},"17":{"start":{"line":37,"column":26},"end":{"line":37,"column":86}},"18":{"start":{"line":38,"column":12},"end":{"line":38,"column":29}},"19":{"start":{"line":41,"column":8},"end":{"line":41,"column":25}},"20":{"start":{"line":42,"column":8},"end":{"line":42,"column":57}},"21":{"start":{"line":46,"column":8},"end":{"line":48,"column":9}},"22":{"start":{"line":47,"column":12},"end":{"line":47,"column":27}},"23":{"start":{"line":52,"column":21},"end":{"line":52,"column":23}},"24":{"start":{"line":53,"column":8},"end":{"line":56,"column":9}},"25":{"start":{"line":54,"column":12},"end":{"line":54,"column":39}},"26":{"start":{"line":55,"column":12},"end":{"line":55,"column":27}},"27":{"start":{"line":59,"column":8},"end":{"line":62,"column":9}},"28":{"start":{"line":60,"column":26},"end":{"line":60,"column":82}},"29":{"start":{"line":61,"column":12},"end":{"line":61,"column":30}},"30":{"start":{"line":64,"column":8},"end":{"line":64,"column":30}},"31":{"start":{"line":68,"column":8},"end":{"line":68,"column":24}},"32":{"start":{"line":69,"column":8},"end":{"line":69,"column":65}},"33":{"start":{"line":73,"column":8},"end":{"line":73,"column":26}},"34":{"start":{"line":74,"column":24},"end":{"line":74,"column":39}},"35":{"start":{"line":76,"column":8},"end":{"line":109,"column":9}},"36":{"start":{"line":77,"column":24},"end":{"line":77,"column":28}},"37":{"start":{"line":79,"column":12},"end":{"line":79,"column":34}},"38":{"start":{"line":80,"column":12},"end":{"line":101,"column":13}},"39":{"start":{"line":81,"column":16},"end":{"line":81,"column":59}},"40":{"start":{"line":83,"column":16},"end":{"line":98,"column":17}},"41":{"start":{"line":85,"column":24},"end":{"line":85,"column":53}},"42":{"start":{"line":86,"column":24},"end":{"line":86,"column":30}},"43":{"start":{"line":88,"column":24},"end":{"line":88,"column":54}},"44":{"start":{"line":89,"column":24},"end":{"line":89,"column":30}},"45":{"start":{"line":91,"column":24},"end":{"line":91,"column":57}},"46":{"start":{"line":92,"column":24},"end":{"line":92,"column":30}},"47":{"start":{"line":94,"column":24},"end":{"line":94,"column":55}},"48":{"start":{"line":95,"column":24},"end":{"line":95,"column":30}},"49":{"start":{"line":97,"column":24},"end":{"line":97,"column":47}},"50":{"start":{"line":99,"column":16},"end":{"line":99,"column":31}},"51":{"start":{"line":100,"column":16},"end":{"line":100,"column":34}},"52":{"start":{"line":103,"column":12},"end":{"line":106,"column":13}},"53":{"start":{"line":104,"column":30},"end":{"line":104,"column":86}},"54":{"start":{"line":105,"column":16},"end":{"line":105,"column":34}},"55":{"start":{"line":108,"column":12},"end":{"line":108,"column":36}},"56":{"start":{"line":113,"column":0},"end":{"line":113,"column":23}}},"fnMap":{"0":{"name":"(anonymous_0)","decl":{"start":{"line":9,"column":4},"end":{"line":9,"column":5}},"loc":{"start":{"line":9,"column":29},"end":{"line":11,"column":5}},"line":9},"1":{"name":"(anonymous_1)","decl":{"start":{"line":13,"column":4},"end":{"line":13,"column":5}},"loc":{"start":{"line":13,"column":24},"end":{"line":15,"column":5}},"line":13},"2":{"name":"(anonymous_2)","decl":{"start":{"line":17,"column":4},"end":{"line":17,"column":5}},"loc":{"start":{"line":17,"column":12},"end":{"line":21,"column":5}},"line":17},"3":{"name":"(anonymous_3)","decl":{"start":{"line":19,"column":54},"end":{"line":19,"column":55}},"loc":{"start":{"line":19,"column":66},"end":{"line":19,"column":102}},"line":19},"4":{"name":"(anonymous_4)","decl":{"start":{"line":23,"column":4},"end":{"line":23,"column":5}},"loc":{"start":{"line":23,"column":22},"end":{"line":28,"column":5}},"line":23},"5":{"name":"(anonymous_5)","decl":{"start":{"line":30,"column":4},"end":{"line":30,"column":5}},"loc":{"start":{"line":30,"column":16},"end":{"line":33,"column":5}},"line":30},"6":{"name":"(anonymous_6)","decl":{"start":{"line":35,"column":4},"end":{"line":35,"column":5}},"loc":{"start":{"line":35,"column":17},"end":{"line":43,"column":5}},"line":35},"7":{"name":"(anonymous_7)","decl":{"start":{"line":45,"column":4},"end":{"line":45,"column":5}},"loc":{"start":{"line":45,"column":20},"end":{"line":49,"column":5}},"line":45},"8":{"name":"(anonymous_8)","decl":{"start":{"line":51,"column":4},"end":{"line":51,"column":5}},"loc":{"start":{"line":51,"column":13},"end":{"line":65,"column":5}},"line":51},"9":{"name":"(anonymous_9)","decl":{"start":{"line":67,"column":4},"end":{"line":67,"column":5}},"loc":{"start":{"line":67,"column":13},"end":{"line":70,"column":5}},"line":67},"10":{"name":"(anonymous_10)","decl":{"start":{"line":72,"column":4},"end":{"line":72,"column":5}},"loc":{"start":{"line":72,"column":14},"end":{"line":110,"column":5}},"line":72}},"branchMap":{"0":{"loc":{"start":{"line":19,"column":66},"end":{"line":19,"column":102}},"type":"cond-expr","locations":[{"start":{"line":19,"column":89},"end":{"line":19,"column":98}},{"start":{"line":19,"column":101},"end":{"line":19,"column":102}}],"line":19},"1":{"loc":{"start":{"line":32,"column":27},"end":{"line":32,"column":64}},"type":"binary-expr","locations":[{"start":{"line":32,"column":27},"end":{"line":32,"column":56}},{"start":{"line":32,"column":60},"end":{"line":32,"column":64}}],"line":32},"2":{"loc":{"start":{"line":36,"column":8},"end":{"line":39,"column":9}},"type":"if","locations":[{"start":{"line":36,"column":8},"end":{"line":39,"column":9}},{"start":{"line":36,"column":8},"end":{"line":39,"column":9}}],"line":36},"3":{"loc":{"start":{"line":36,"column":11},"end":{"line":36,"column":54}},"type":"binary-expr","locations":[{"start":{"line":36,"column":11},"end":{"line":36,"column":18}},{"start":{"line":36,"column":22},"end":{"line":36,"column":54}}],"line":36},"4":{"loc":{"start":{"line":59,"column":8},"end":{"line":62,"column":9}},"type":"if","locations":[{"start":{"line":59,"column":8},"end":{"line":62,"column":9}},{"start":{"line":59,"column":8},"end":{"line":62,"column":9}}],"line":59},"5":{"loc":{"start":{"line":59,"column":11},"end":{"line":59,"column":68}},"type":"binary-expr","locations":[{"start":{"line":59,"column":11},"end":{"line":59,"column":32}},{"start":{"line":59,"column":36},"end":{"line":59,"column":51}},{"start":{"line":59,"column":55},"end":{"line":59,"column":68}}],"line":59},"6":{"loc":{"start":{"line":69,"column":27},"end":{"line":69,"column":64}},"type":"binary-expr","locations":[{"start":{"line":69,"column":27},"end":{"line":69,"column":56}},{"start":{"line":69,"column":60},"end":{"line":69,"column":64}}],"line":69},"7":{"loc":{"start":{"line":80,"column":12},"end":{"line":101,"column":13}},"type":"if","locations":[{"start":{"line":80,"column":12},"end":{"line":101,"column":13}},{"start":{"line":80,"column":12},"end":{"line":101,"column":13}}],"line":80},"8":{"loc":{"start":{"line":83,"column":16},"end":{"line":98,"column":17}},"type":"switch","locations":[{"start":{"line":84,"column":20},"end":{"line":86,"column":30}},{"start":{"line":87,"column":20},"end":{"line":89,"column":30}},{"start":{"line":90,"column":20},"end":{"line":92,"column":30}},{"start":{"line":93,"column":20},"end":{"line":95,"column":30}},{"start":{"line":96,"column":20},"end":{"line":97,"column":47}}],"line":83},"9":{"loc":{"start":{"line":103,"column":12},"end":{"line":106,"column":13}},"type":"if","locations":[{"start":{"line":103,"column":12},"end":{"line":106,"column":13}},{"start":{"line":103,"column":12},"end":{"line":106,"column":13}}],"line":103}},"s":{"0":1,"1":1,"2":1,"3":1,"4":1,"5":143,"6":171,"7":5,"8":19,"9":5,"10":18,"11":18,"12":18,"13":18,"14":21,"15":21,"16":5,"17":2,"18":2,"19":3,"20":3,"21":35,"22":14,"23":17,"24":17,"25":27,"26":27,"27":17,"28":1,"29":1,"30":16,"31":60,"32":60,"33":5,"34":5,"35":5,"36":30,"37":30,"38":30,"39":14,"40":16,"41":5,"42":5,"43":2,"44":2,"45":2,"46":2,"47":2,"48":2,"49":3,"50":16,"51":16,"52":30,"53":2,"54":2,"55":28,"56":1},"f":{"0":143,"1":171,"2":5,"3":19,"4":18,"5":21,"6":5,"7":35,"8":17,"9":60,"10":5},"b":{"0":[2,17],"1":[21,2],"2":[2,3],"3":[5,4],"4":[1,16],"5":[17,17,17],"6":[60,10],"7":[14,16],"8":[5,2,2,2,3],"9":[2,28]},"_coverageSchema":"332fd63041d2c1bcb487cc26dd0d5f7d97098a6c","hash":"a39a0eece652a75a3d1e4adf883a2a68c58305b7"}
,"/home/dave/public_html/interpreter-compiler-studies/src/arithmetic-interpreter/modules/Token.js": {"path":"/home/dave/public_html/interpreter-compiler-studies/src/arithmetic-interpreter/modules/Token.js","statementMap":{"0":{"start":{"line":3,"column":8},"end":{"line":3,"column":25}},"1":{"start":{"line":4,"column":8},"end":{"line":4,"column":27}},"2":{"start":{"line":8,"column":8},"end":{"line":8,"column":52}},"3":{"start":{"line":12,"column":0},"end":{"line":12,"column":23}}},"fnMap":{"0":{"name":"(anonymous_0)","decl":{"start":{"line":2,"column":4},"end":{"line":2,"column":5}},"loc":{"start":{"line":2,"column":36},"end":{"line":5,"column":5}},"line":2},"1":{"name":"(anonymous_1)","decl":{"start":{"line":7,"column":4},"end":{"line":7,"column":5}},"loc":{"start":{"line":7,"column":15},"end":{"line":9,"column":5}},"line":7}},"branchMap":{"0":{"loc":{"start":{"line":2,"column":22},"end":{"line":2,"column":34}},"type":"default-arg","locations":[{"start":{"line":2,"column":30},"end":{"line":2,"column":34}}],"line":2}},"s":{"0":61,"1":61,"2":6,"3":2},"f":{"0":61,"1":6},"b":{"0":[21]},"_coverageSchema":"332fd63041d2c1bcb487cc26dd0d5f7d97098a6c","hash":"e381f57d662d7fecdf261125e92a7bdb32a0ee18"}
,"/home/dave/public_html/interpreter-compiler-studies/src/arithmetic-interpreter/types/symbols.js": {"path":"/home/dave/public_html/interpreter-compiler-studies/src/arithmetic-interpreter/types/symbols.js","statementMap":{"0":{"start":{"line":3,"column":0},"end":{"line":8,"column":2}}},"fnMap":{},"branchMap":{},"s":{"0":2},"f":{},"b":{},"_coverageSchema":"332fd63041d2c1bcb487cc26dd0d5f7d97098a6c","hash":"1bcbc4cf25e0de5ce7239a411fd57119667585c2"}
,"/home/dave/public_html/interpreter-compiler-studies/src/arithmetic-interpreter/types/token-types.js": {"path":"/home/dave/public_html/interpreter-compiler-studies/src/arithmetic-interpreter/types/token-types.js","statementMap":{"0":{"start":{"line":1,"column":0},"end":{"line":9,"column":2}}},"fnMap":{},"branchMap":{},"s":{"0":2},"f":{},"b":{},"_coverageSchema":"332fd63041d2c1bcb487cc26dd0d5f7d97098a6c","hash":"6376a481561b9582008f84c0b8561ad5bc124484"}
,"/home/dave/public_html/interpreter-compiler-studies/src/util/Error.js": {"path":"/home/dave/public_html/interpreter-compiler-studies/src/util/Error.js","statementMap":{"0":{"start":{"line":3,"column":8},"end":{"line":3,"column":16}},"1":{"start":{"line":4,"column":8},"end":{"line":4,"column":31}},"2":{"start":{"line":5,"column":8},"end":{"line":5,"column":43}},"3":{"start":{"line":11,"column":8},"end":{"line":11,"column":42}},"4":{"start":{"line":17,"column":8},"end":{"line":17,"column":36}},"5":{"start":{"line":21,"column":0},"end":{"line":24,"column":2}}},"fnMap":{"0":{"name":"(anonymous_0)","decl":{"start":{"line":2,"column":4},"end":{"line":2,"column":5}},"loc":{"start":{"line":2,"column":30},"end":{"line":6,"column":5}},"line":2},"1":{"name":"(anonymous_1)","decl":{"start":{"line":10,"column":4},"end":{"line":10,"column":5}},"loc":{"start":{"line":10,"column":24},"end":{"line":12,"column":5}},"line":10},"2":{"name":"(anonymous_2)","decl":{"start":{"line":16,"column":4},"end":{"line":16,"column":5}},"loc":{"start":{"line":16,"column":24},"end":{"line":18,"column":5}},"line":16}},"branchMap":{"0":{"loc":{"start":{"line":5,"column":20},"end":{"line":5,"column":42}},"type":"binary-expr","locations":[{"start":{"line":5,"column":20},"end":{"line":5,"column":24}},{"start":{"line":5,"column":28},"end":{"line":5,"column":42}}],"line":5}},"s":{"0":8,"1":8,"2":8,"3":6,"4":2,"5":2},"f":{"0":8,"1":6,"2":2},"b":{"0":[8,0]},"_coverageSchema":"332fd63041d2c1bcb487cc26dd0d5f7d97098a6c","hash":"982d907afef50e267466f53a2f548e96c6ec7305"}
,"/home/dave/public_html/interpreter-compiler-studies/src/util/Log.js": {"path":"/home/dave/public_html/interpreter-compiler-studies/src/util/Log.js","statementMap":{"0":{"start":{"line":1,"column":14},"end":{"line":1,"column":30}},"1":{"start":{"line":3,"column":19},"end":{"line":3,"column":31}},"2":{"start":{"line":4,"column":19},"end":{"line":4,"column":30}},"3":{"start":{"line":5,"column":20},"end":{"line":5,"column":29}},"4":{"start":{"line":6,"column":20},"end":{"line":6,"column":30}},"5":{"start":{"line":17,"column":8},"end":{"line":34,"column":9}},"6":{"start":{"line":19,"column":16},"end":{"line":19,"column":36}},"7":{"start":{"line":20,"column":16},"end":{"line":20,"column":22}},"8":{"start":{"line":22,"column":16},"end":{"line":22,"column":36}},"9":{"start":{"line":23,"column":16},"end":{"line":23,"column":22}},"10":{"start":{"line":25,"column":16},"end":{"line":25,"column":37}},"11":{"start":{"line":26,"column":16},"end":{"line":26,"column":22}},"12":{"start":{"line":28,"column":16},"end":{"line":28,"column":37}},"13":{"start":{"line":29,"column":16},"end":{"line":29,"column":22}},"14":{"start":{"line":31,"column":16},"end":{"line":31,"column":35}},"15":{"start":{"line":32,"column":16},"end":{"line":32,"column":46}},"16":{"start":{"line":33,"column":16},"end":{"line":33,"column":22}},"17":{"start":{"line":36,"column":8},"end":{"line":36,"column":46}},"18":{"start":{"line":40,"column":8},"end":{"line":40,"column":59}},"19":{"start":{"line":44,"column":8},"end":{"line":44,"column":62}},"20":{"start":{"line":48,"column":8},"end":{"line":48,"column":59}},"21":{"start":{"line":52,"column":8},"end":{"line":52,"column":32}},"22":{"start":{"line":56,"column":8},"end":{"line":56,"column":33}},"23":{"start":{"line":60,"column":8},"end":{"line":60,"column":54}},"24":{"start":{"line":61,"column":8},"end":{"line":61,"column":28}},"25":{"start":{"line":66,"column":0},"end":{"line":66,"column":21}}},"fnMap":{"0":{"name":"(anonymous_0)","decl":{"start":{"line":15,"column":4},"end":{"line":15,"column":5}},"loc":{"start":{"line":15,"column":32},"end":{"line":37,"column":5}},"line":15},"1":{"name":"(anonymous_1)","decl":{"start":{"line":39,"column":4},"end":{"line":39,"column":5}},"loc":{"start":{"line":39,"column":25},"end":{"line":41,"column":5}},"line":39},"2":{"name":"(anonymous_2)","decl":{"start":{"line":43,"column":4},"end":{"line":43,"column":5}},"loc":{"start":{"line":43,"column":26},"end":{"line":45,"column":5}},"line":43},"3":{"name":"(anonymous_3)","decl":{"start":{"line":47,"column":4},"end":{"line":47,"column":5}},"loc":{"start":{"line":47,"column":25},"end":{"line":49,"column":5}},"line":47},"4":{"name":"(anonymous_4)","decl":{"start":{"line":51,"column":4},"end":{"line":51,"column":5}},"loc":{"start":{"line":51,"column":31},"end":{"line":53,"column":5}},"line":51},"5":{"name":"(anonymous_5)","decl":{"start":{"line":55,"column":4},"end":{"line":55,"column":5}},"loc":{"start":{"line":55,"column":30},"end":{"line":57,"column":5}},"line":55},"6":{"name":"(anonymous_6)","decl":{"start":{"line":59,"column":4},"end":{"line":59,"column":5}},"loc":{"start":{"line":59,"column":26},"end":{"line":62,"column":5}},"line":59}},"branchMap":{"0":{"loc":{"start":{"line":17,"column":8},"end":{"line":34,"column":9}},"type":"switch","locations":[{"start":{"line":18,"column":12},"end":{"line":20,"column":22}},{"start":{"line":21,"column":12},"end":{"line":23,"column":22}},{"start":{"line":24,"column":12},"end":{"line":26,"column":22}},{"start":{"line":27,"column":12},"end":{"line":29,"column":22}},{"start":{"line":30,"column":12},"end":{"line":33,"column":22}}],"line":17}},"s":{"0":2,"1":2,"2":2,"3":2,"4":2,"5":8,"6":0,"7":0,"8":0,"9":0,"10":8,"11":8,"12":0,"13":0,"14":0,"15":0,"16":0,"17":8,"18":0,"19":8,"20":0,"21":0,"22":0,"23":0,"24":0,"25":2},"f":{"0":8,"1":0,"2":8,"3":0,"4":0,"5":0,"6":0},"b":{"0":[0,0,8,0,0]},"_coverageSchema":"332fd63041d2c1bcb487cc26dd0d5f7d97098a6c","hash":"302328c281e427a2b7cb909568340c71ee758310"}
}
