{"total": {"lines":{"total":233,"covered":212,"skipped":0,"pct":90.99},"statements":{"total":233,"covered":212,"skipped":0,"pct":90.99},"functions":{"total":57,"covered":47,"skipped":0,"pct":82.46},"branches":{"total":66,"covered":57,"skipped":0,"pct":86.36}}
,"/Users/dcampion/Documents/interpreter-compiler-studies/src/arithmetic-interpreter/interpreters/Arithmetic.js": {"lines":{"total":21,"covered":21,"skipped":0,"pct":100},"functions":{"total":5,"covered":5,"skipped":0,"pct":100},"statements":{"total":21,"covered":21,"skipped":0,"pct":100},"branches":{"total":8,"covered":7,"skipped":0,"pct":87.5}}
,"/Users/dcampion/Documents/interpreter-compiler-studies/src/arithmetic-interpreter/interpreters/LISP.js": {"lines":{"total":23,"covered":23,"skipped":0,"pct":100},"functions":{"total":5,"covered":4,"skipped":0,"pct":80},"statements":{"total":23,"covered":23,"skipped":0,"pct":100},"branches":{"total":10,"covered":10,"skipped":0,"pct":100}}
,"/Users/dcampion/Documents/interpreter-compiler-studies/src/arithmetic-interpreter/interpreters/Postfix.js": {"lines":{"total":12,"covered":12,"skipped":0,"pct":100},"functions":{"total":5,"covered":4,"skipped":0,"pct":80},"statements":{"total":12,"covered":12,"skipped":0,"pct":100},"branches":{"total":0,"covered":0,"skipped":0,"pct":100}}
,"/Users/dcampion/Documents/interpreter-compiler-studies/src/arithmetic-interpreter/modules/Lexer.js": {"lines":{"total":66,"covered":66,"skipped":0,"pct":100},"functions":{"total":12,"covered":12,"skipped":0,"pct":100},"statements":{"total":66,"covered":66,"skipped":0,"pct":100},"branches":{"total":28,"covered":28,"skipped":0,"pct":100}}
,"/Users/dcampion/Documents/interpreter-compiler-studies/src/arithmetic-interpreter/modules/Parser.js": {"lines":{"total":40,"covered":38,"skipped":0,"pct":95},"functions":{"total":8,"covered":7,"skipped":0,"pct":87.5},"statements":{"total":40,"covered":38,"skipped":0,"pct":95},"branches":{"total":6,"covered":6,"skipped":0,"pct":100}}
,"/Users/dcampion/Documents/interpreter-compiler-studies/src/arithmetic-interpreter/modules/Token.js": {"lines":{"total":7,"covered":6,"skipped":0,"pct":85.71},"functions":{"total":5,"covered":4,"skipped":0,"pct":80},"statements":{"total":7,"covered":6,"skipped":0,"pct":85.71},"branches":{"total":1,"covered":1,"skipped":0,"pct":100}}
,"/Users/dcampion/Documents/interpreter-compiler-studies/src/arithmetic-interpreter/modules/Visitor.js": {"lines":{"total":7,"covered":5,"skipped":0,"pct":71.43},"functions":{"total":3,"covered":2,"skipped":0,"pct":66.67},"statements":{"total":7,"covered":5,"skipped":0,"pct":71.43},"branches":{"total":4,"covered":2,"skipped":0,"pct":50}}
,"/Users/dcampion/Documents/interpreter-compiler-studies/src/arithmetic-interpreter/types/symbols.js": {"lines":{"total":1,"covered":1,"skipped":0,"pct":100},"functions":{"total":0,"covered":0,"skipped":0,"pct":100},"statements":{"total":1,"covered":1,"skipped":0,"pct":100},"branches":{"total":0,"covered":0,"skipped":0,"pct":100}}
,"/Users/dcampion/Documents/interpreter-compiler-studies/src/arithmetic-interpreter/types/token-types.js": {"lines":{"total":1,"covered":1,"skipped":0,"pct":100},"functions":{"total":0,"covered":0,"skipped":0,"pct":100},"statements":{"total":1,"covered":1,"skipped":0,"pct":100},"branches":{"total":0,"covered":0,"skipped":0,"pct":100}}
,"/Users/dcampion/Documents/interpreter-compiler-studies/src/data-structures/AST/AST.js": {"lines":{"total":4,"covered":3,"skipped":0,"pct":75},"functions":{"total":1,"covered":1,"skipped":0,"pct":100},"statements":{"total":4,"covered":3,"skipped":0,"pct":75},"branches":{"total":2,"covered":1,"skipped":0,"pct":50}}
,"/Users/dcampion/Documents/interpreter-compiler-studies/src/data-structures/AST/BinaryOp.js": {"lines":{"total":6,"covered":6,"skipped":0,"pct":100},"functions":{"total":1,"covered":1,"skipped":0,"pct":100},"statements":{"total":6,"covered":6,"skipped":0,"pct":100},"branches":{"total":0,"covered":0,"skipped":0,"pct":100}}
,"/Users/dcampion/Documents/interpreter-compiler-studies/src/data-structures/AST/Number.js": {"lines":{"total":4,"covered":4,"skipped":0,"pct":100},"functions":{"total":1,"covered":1,"skipped":0,"pct":100},"statements":{"total":4,"covered":4,"skipped":0,"pct":100},"branches":{"total":0,"covered":0,"skipped":0,"pct":100}}
,"/Users/dcampion/Documents/interpreter-compiler-studies/src/data-structures/AST/UnaryOp.js": {"lines":{"total":5,"covered":5,"skipped":0,"pct":100},"functions":{"total":1,"covered":1,"skipped":0,"pct":100},"statements":{"total":5,"covered":5,"skipped":0,"pct":100},"branches":{"total":0,"covered":0,"skipped":0,"pct":100}}
,"/Users/dcampion/Documents/interpreter-compiler-studies/src/data-structures/AST/index.js": {"lines":{"total":4,"covered":4,"skipped":0,"pct":100},"functions":{"total":0,"covered":0,"skipped":0,"pct":100},"statements":{"total":4,"covered":4,"skipped":0,"pct":100},"branches":{"total":0,"covered":0,"skipped":0,"pct":100}}
,"/Users/dcampion/Documents/interpreter-compiler-studies/src/util/Error.js": {"lines":{"total":6,"covered":6,"skipped":0,"pct":100},"functions":{"total":3,"covered":3,"skipped":0,"pct":100},"statements":{"total":6,"covered":6,"skipped":0,"pct":100},"branches":{"total":2,"covered":1,"skipped":0,"pct":50}}
,"/Users/dcampion/Documents/interpreter-compiler-studies/src/util/Log.js": {"lines":{"total":26,"covered":11,"skipped":0,"pct":42.31},"functions":{"total":7,"covered":2,"skipped":0,"pct":28.57},"statements":{"total":26,"covered":11,"skipped":0,"pct":42.31},"branches":{"total":5,"covered":1,"skipped":0,"pct":20}}
}
