{"/Users/dcampion/Documents/interpreter-compiler-studies/src/arithmetic-interpreter/interpreters/Arithmetic.js": {"path":"/Users/dcampion/Documents/interpreter-compiler-studies/src/arithmetic-interpreter/interpreters/Arithmetic.js","statementMap":{"0":{"start":{"line":1,"column":16},"end":{"line":1,"column":45}},"1":{"start":{"line":2,"column":14},"end":{"line":2,"column":41}},"2":{"start":{"line":3,"column":15},"end":{"line":3,"column":43}},"3":{"start":{"line":4,"column":18},"end":{"line":4,"column":49}},"4":{"start":{"line":11,"column":8},"end":{"line":11,"column":16}},"5":{"start":{"line":12,"column":22},"end":{"line":12,"column":38}},"6":{"start":{"line":13,"column":8},"end":{"line":13,"column":39}},"7":{"start":{"line":17,"column":8},"end":{"line":26,"column":9}},"8":{"start":{"line":19,"column":16},"end":{"line":19,"column":70}},"9":{"start":{"line":21,"column":16},"end":{"line":21,"column":70}},"10":{"start":{"line":23,"column":16},"end":{"line":23,"column":70}},"11":{"start":{"line":25,"column":16},"end":{"line":25,"column":70}},"12":{"start":{"line":30,"column":24},"end":{"line":30,"column":28}},"13":{"start":{"line":32,"column":8},"end":{"line":36,"column":9}},"14":{"start":{"line":33,"column":12},"end":{"line":33,"column":47}},"15":{"start":{"line":34,"column":14},"end":{"line":36,"column":9}},"16":{"start":{"line":35,"column":12},"end":{"line":35,"column":47}},"17":{"start":{"line":40,"column":8},"end":{"line":40,"column":26}},"18":{"start":{"line":44,"column":21},"end":{"line":44,"column":40}},"19":{"start":{"line":45,"column":8},"end":{"line":45,"column":32}},"20":{"start":{"line":49,"column":0},"end":{"line":49,"column":28}}},"fnMap":{"0":{"name":"(anonymous_0)","decl":{"start":{"line":10,"column":4},"end":{"line":10,"column":5}},"loc":{"start":{"line":10,"column":23},"end":{"line":14,"column":5}},"line":10},"1":{"name":"(anonymous_1)","decl":{"start":{"line":16,"column":4},"end":{"line":16,"column":5}},"loc":{"start":{"line":16,"column":29},"end":{"line":27,"column":5}},"line":16},"2":{"name":"(anonymous_2)","decl":{"start":{"line":29,"column":4},"end":{"line":29,"column":5}},"loc":{"start":{"line":29,"column":28},"end":{"line":37,"column":5}},"line":29},"3":{"name":"(anonymous_3)","decl":{"start":{"line":39,"column":4},"end":{"line":39,"column":5}},"loc":{"start":{"line":39,"column":27},"end":{"line":41,"column":5}},"line":39},"4":{"name":"(anonymous_4)","decl":{"start":{"line":43,"column":4},"end":{"line":43,"column":5}},"loc":{"start":{"line":43,"column":12},"end":{"line":46,"column":5}},"line":43}},"branchMap":{"0":{"loc":{"start":{"line":17,"column":8},"end":{"line":26,"column":9}},"type":"switch","locations":[{"start":{"line":18,"column":12},"end":{"line":19,"column":70}},{"start":{"line":20,"column":12},"end":{"line":21,"column":70}},{"start":{"line":22,"column":12},"end":{"line":23,"column":70}},{"start":{"line":24,"column":12},"end":{"line":25,"column":70}}],"line":17},"1":{"loc":{"start":{"line":32,"column":8},"end":{"line":36,"column":9}},"type":"if","locations":[{"start":{"line":32,"column":8},"end":{"line":36,"column":9}},{"start":{"line":32,"column":8},"end":{"line":36,"column":9}}],"line":32},"2":{"loc":{"start":{"line":34,"column":14},"end":{"line":36,"column":9}},"type":"if","locations":[{"start":{"line":34,"column":14},"end":{"line":36,"column":9}},{"start":{"line":34,"column":14},"end":{"line":36,"column":9}}],"line":34}},"s":{"0":1,"1":1,"2":1,"3":1,"4":8,"5":8,"6":8,"7":16,"8":4,"9":4,"10":6,"11":2,"12":11,"13":11,"14":1,"15":10,"16":10,"17":24,"18":8,"19":8,"20":1},"f":{"0":8,"1":16,"2":11,"3":24,"4":8},"b":{"0":[4,4,6,2],"1":[1,10],"2":[10,0]},"_coverageSchema":"332fd63041d2c1bcb487cc26dd0d5f7d97098a6c","hash":"f7d18313c2eda84bee13264ba349076310785673"}
,"/Users/dcampion/Documents/interpreter-compiler-studies/src/arithmetic-interpreter/interpreters/LISP.js": {"path":"/Users/dcampion/Documents/interpreter-compiler-studies/src/arithmetic-interpreter/interpreters/LISP.js","statementMap":{"0":{"start":{"line":1,"column":16},"end":{"line":1,"column":45}},"1":{"start":{"line":2,"column":14},"end":{"line":2,"column":41}},"2":{"start":{"line":3,"column":15},"end":{"line":3,"column":43}},"3":{"start":{"line":4,"column":18},"end":{"line":4,"column":49}},"4":{"start":{"line":11,"column":8},"end":{"line":11,"column":16}},"5":{"start":{"line":12,"column":22},"end":{"line":12,"column":38}},"6":{"start":{"line":13,"column":8},"end":{"line":13,"column":39}},"7":{"start":{"line":17,"column":25},"end":{"line":17,"column":27}},"8":{"start":{"line":19,"column":25},"end":{"line":19,"column":46}},"9":{"start":{"line":20,"column":26},"end":{"line":20,"column":48}},"10":{"start":{"line":22,"column":8},"end":{"line":24,"column":9}},"11":{"start":{"line":23,"column":12},"end":{"line":23,"column":47}},"12":{"start":{"line":26,"column":8},"end":{"line":32,"column":9}},"13":{"start":{"line":29,"column":12},"end":{"line":29,"column":43}},"14":{"start":{"line":31,"column":12},"end":{"line":31,"column":41}},"15":{"start":{"line":34,"column":8},"end":{"line":40,"column":9}},"16":{"start":{"line":37,"column":12},"end":{"line":37,"column":43}},"17":{"start":{"line":39,"column":12},"end":{"line":39,"column":41}},"18":{"start":{"line":42,"column":8},"end":{"line":42,"column":26}},"19":{"start":{"line":50,"column":8},"end":{"line":50,"column":26}},"20":{"start":{"line":54,"column":21},"end":{"line":54,"column":40}},"21":{"start":{"line":55,"column":8},"end":{"line":55,"column":39}},"22":{"start":{"line":59,"column":0},"end":{"line":59,"column":21}}},"fnMap":{"0":{"name":"(anonymous_0)","decl":{"start":{"line":10,"column":4},"end":{"line":10,"column":5}},"loc":{"start":{"line":10,"column":23},"end":{"line":14,"column":5}},"line":10},"1":{"name":"(anonymous_1)","decl":{"start":{"line":16,"column":4},"end":{"line":16,"column":5}},"loc":{"start":{"line":16,"column":29},"end":{"line":43,"column":5}},"line":16},"2":{"name":"(anonymous_2)","decl":{"start":{"line":45,"column":4},"end":{"line":45,"column":5}},"loc":{"start":{"line":45,"column":24},"end":{"line":47,"column":5}},"line":45},"3":{"name":"(anonymous_3)","decl":{"start":{"line":49,"column":4},"end":{"line":49,"column":5}},"loc":{"start":{"line":49,"column":27},"end":{"line":51,"column":5}},"line":49},"4":{"name":"(anonymous_4)","decl":{"start":{"line":53,"column":4},"end":{"line":53,"column":5}},"loc":{"start":{"line":53,"column":12},"end":{"line":56,"column":5}},"line":53}},"branchMap":{"0":{"loc":{"start":{"line":22,"column":8},"end":{"line":24,"column":9}},"type":"if","locations":[{"start":{"line":22,"column":8},"end":{"line":24,"column":9}},{"start":{"line":22,"column":8},"end":{"line":24,"column":9}}],"line":22},"1":{"loc":{"start":{"line":26,"column":8},"end":{"line":32,"column":9}},"type":"if","locations":[{"start":{"line":26,"column":8},"end":{"line":32,"column":9}},{"start":{"line":26,"column":8},"end":{"line":32,"column":9}}],"line":26},"2":{"loc":{"start":{"line":26,"column":12},"end":{"line":27,"column":53}},"type":"binary-expr","locations":[{"start":{"line":26,"column":12},"end":{"line":26,"column":50}},{"start":{"line":27,"column":15},"end":{"line":27,"column":53}}],"line":26},"3":{"loc":{"start":{"line":34,"column":8},"end":{"line":40,"column":9}},"type":"if","locations":[{"start":{"line":34,"column":8},"end":{"line":40,"column":9}},{"start":{"line":34,"column":8},"end":{"line":40,"column":9}}],"line":34},"4":{"loc":{"start":{"line":34,"column":12},"end":{"line":35,"column":54}},"type":"binary-expr","locations":[{"start":{"line":34,"column":12},"end":{"line":34,"column":51}},{"start":{"line":35,"column":15},"end":{"line":35,"column":54}}],"line":34}},"s":{"0":1,"1":1,"2":1,"3":1,"4":4,"5":4,"6":4,"7":10,"8":10,"9":10,"10":10,"11":7,"12":10,"13":2,"14":8,"15":10,"16":1,"17":9,"18":10,"19":14,"20":4,"21":4,"22":1},"f":{"0":4,"1":10,"2":0,"3":14,"4":4},"b":{"0":[7,3],"1":[2,8],"2":[10,5],"3":[1,9],"4":[10,1]},"_coverageSchema":"332fd63041d2c1bcb487cc26dd0d5f7d97098a6c","hash":"c9e3673047ec580e1d8a37f1faeb3ac6793cf0dd"}
,"/Users/dcampion/Documents/interpreter-compiler-studies/src/arithmetic-interpreter/interpreters/Postfix.js": {"path":"/Users/dcampion/Documents/interpreter-compiler-studies/src/arithmetic-interpreter/interpreters/Postfix.js","statementMap":{"0":{"start":{"line":1,"column":16},"end":{"line":1,"column":45}},"1":{"start":{"line":2,"column":14},"end":{"line":2,"column":41}},"2":{"start":{"line":3,"column":15},"end":{"line":3,"column":43}},"3":{"start":{"line":4,"column":18},"end":{"line":4,"column":49}},"4":{"start":{"line":11,"column":8},"end":{"line":11,"column":16}},"5":{"start":{"line":12,"column":22},"end":{"line":12,"column":38}},"6":{"start":{"line":13,"column":8},"end":{"line":13,"column":40}},"7":{"start":{"line":17,"column":8},"end":{"line":17,"column":86}},"8":{"start":{"line":25,"column":8},"end":{"line":25,"column":29}},"9":{"start":{"line":29,"column":21},"end":{"line":29,"column":40}},"10":{"start":{"line":30,"column":8},"end":{"line":30,"column":32}},"11":{"start":{"line":34,"column":0},"end":{"line":34,"column":25}}},"fnMap":{"0":{"name":"(anonymous_0)","decl":{"start":{"line":10,"column":4},"end":{"line":10,"column":5}},"loc":{"start":{"line":10,"column":22},"end":{"line":14,"column":5}},"line":10},"1":{"name":"(anonymous_1)","decl":{"start":{"line":16,"column":4},"end":{"line":16,"column":5}},"loc":{"start":{"line":16,"column":28},"end":{"line":18,"column":5}},"line":16},"2":{"name":"(anonymous_2)","decl":{"start":{"line":20,"column":4},"end":{"line":20,"column":5}},"loc":{"start":{"line":20,"column":23},"end":{"line":22,"column":5}},"line":20},"3":{"name":"(anonymous_3)","decl":{"start":{"line":24,"column":4},"end":{"line":24,"column":5}},"loc":{"start":{"line":24,"column":26},"end":{"line":26,"column":5}},"line":24},"4":{"name":"(anonymous_4)","decl":{"start":{"line":28,"column":4},"end":{"line":28,"column":5}},"loc":{"start":{"line":28,"column":11},"end":{"line":31,"column":5}},"line":28}},"branchMap":{},"s":{"0":1,"1":1,"2":1,"3":1,"4":4,"5":4,"6":4,"7":12,"8":16,"9":4,"10":4,"11":1},"f":{"0":4,"1":12,"2":0,"3":16,"4":4},"b":{},"_coverageSchema":"332fd63041d2c1bcb487cc26dd0d5f7d97098a6c","hash":"b29de6753ec1015300344a0068edda6729fb0379"}
,"/Users/dcampion/Documents/interpreter-compiler-studies/src/arithmetic-interpreter/modules/Lexer.js": {"path":"/Users/dcampion/Documents/interpreter-compiler-studies/src/arithmetic-interpreter/modules/Lexer.js","statementMap":{"0":{"start":{"line":2,"column":76},"end":{"line":2,"column":107}},"1":{"start":{"line":3,"column":15},"end":{"line":3,"column":42}},"2":{"start":{"line":4,"column":14},"end":{"line":4,"column":32}},"3":{"start":{"line":5,"column":38},"end":{"line":5,"column":65}},"4":{"start":{"line":6,"column":12},"end":{"line":6,"column":37}},"5":{"start":{"line":10,"column":8},"end":{"line":10,"column":40}},"6":{"start":{"line":14,"column":8},"end":{"line":14,"column":43}},"7":{"start":{"line":18,"column":8},"end":{"line":19,"column":107}},"8":{"start":{"line":19,"column":66},"end":{"line":19,"column":102}},"9":{"start":{"line":20,"column":8},"end":{"line":20,"column":16}},"10":{"start":{"line":24,"column":8},"end":{"line":24,"column":34}},"11":{"start":{"line":25,"column":8},"end":{"line":25,"column":23}},"12":{"start":{"line":26,"column":8},"end":{"line":26,"column":32}},"13":{"start":{"line":27,"column":8},"end":{"line":27,"column":25}},"14":{"start":{"line":34,"column":8},"end":{"line":34,"column":23}},"15":{"start":{"line":35,"column":8},"end":{"line":35,"column":65}},"16":{"start":{"line":44,"column":8},"end":{"line":47,"column":9}},"17":{"start":{"line":45,"column":26},"end":{"line":45,"column":86}},"18":{"start":{"line":46,"column":12},"end":{"line":46,"column":29}},"19":{"start":{"line":49,"column":8},"end":{"line":49,"column":25}},"20":{"start":{"line":50,"column":8},"end":{"line":50,"column":57}},"21":{"start":{"line":57,"column":8},"end":{"line":59,"column":9}},"22":{"start":{"line":58,"column":12},"end":{"line":58,"column":27}},"23":{"start":{"line":67,"column":21},"end":{"line":67,"column":23}},"24":{"start":{"line":68,"column":8},"end":{"line":71,"column":9}},"25":{"start":{"line":69,"column":12},"end":{"line":69,"column":39}},"26":{"start":{"line":70,"column":12},"end":{"line":70,"column":27}},"27":{"start":{"line":74,"column":8},"end":{"line":77,"column":9}},"28":{"start":{"line":75,"column":26},"end":{"line":75,"column":82}},"29":{"start":{"line":76,"column":12},"end":{"line":76,"column":30}},"30":{"start":{"line":79,"column":8},"end":{"line":79,"column":30}},"31":{"start":{"line":86,"column":8},"end":{"line":86,"column":24}},"32":{"start":{"line":87,"column":8},"end":{"line":87,"column":65}},"33":{"start":{"line":91,"column":20},"end":{"line":91,"column":24}},"34":{"start":{"line":92,"column":8},"end":{"line":92,"column":30}},"35":{"start":{"line":94,"column":8},"end":{"line":120,"column":9}},"36":{"start":{"line":95,"column":12},"end":{"line":95,"column":55}},"37":{"start":{"line":97,"column":12},"end":{"line":118,"column":13}},"38":{"start":{"line":99,"column":20},"end":{"line":99,"column":49}},"39":{"start":{"line":100,"column":20},"end":{"line":100,"column":26}},"40":{"start":{"line":102,"column":20},"end":{"line":102,"column":50}},"41":{"start":{"line":103,"column":20},"end":{"line":103,"column":26}},"42":{"start":{"line":105,"column":20},"end":{"line":105,"column":53}},"43":{"start":{"line":106,"column":20},"end":{"line":106,"column":26}},"44":{"start":{"line":108,"column":20},"end":{"line":108,"column":51}},"45":{"start":{"line":109,"column":20},"end":{"line":109,"column":26}},"46":{"start":{"line":111,"column":20},"end":{"line":111,"column":61}},"47":{"start":{"line":112,"column":20},"end":{"line":112,"column":26}},"48":{"start":{"line":114,"column":20},"end":{"line":114,"column":61}},"49":{"start":{"line":115,"column":20},"end":{"line":115,"column":26}},"50":{"start":{"line":117,"column":20},"end":{"line":117,"column":43}},"51":{"start":{"line":119,"column":12},"end":{"line":119,"column":27}},"52":{"start":{"line":122,"column":8},"end":{"line":125,"column":9}},"53":{"start":{"line":123,"column":26},"end":{"line":123,"column":82}},"54":{"start":{"line":124,"column":12},"end":{"line":124,"column":30}},"55":{"start":{"line":127,"column":8},"end":{"line":127,"column":21}},"56":{"start":{"line":136,"column":8},"end":{"line":136,"column":26}},"57":{"start":{"line":137,"column":24},"end":{"line":137,"column":39}},"58":{"start":{"line":139,"column":8},"end":{"line":149,"column":9}},"59":{"start":{"line":140,"column":24},"end":{"line":140,"column":43}},"60":{"start":{"line":142,"column":12},"end":{"line":145,"column":13}},"61":{"start":{"line":143,"column":30},"end":{"line":143,"column":86}},"62":{"start":{"line":144,"column":16},"end":{"line":144,"column":41}},"63":{"start":{"line":146,"column":12},"end":{"line":146,"column":30}},"64":{"start":{"line":148,"column":12},"end":{"line":148,"column":36}},"65":{"start":{"line":153,"column":0},"end":{"line":153,"column":23}}},"fnMap":{"0":{"name":"(anonymous_0)","decl":{"start":{"line":9,"column":4},"end":{"line":9,"column":5}},"loc":{"start":{"line":9,"column":29},"end":{"line":11,"column":5}},"line":9},"1":{"name":"(anonymous_1)","decl":{"start":{"line":13,"column":4},"end":{"line":13,"column":5}},"loc":{"start":{"line":13,"column":24},"end":{"line":15,"column":5}},"line":13},"2":{"name":"(anonymous_2)","decl":{"start":{"line":17,"column":4},"end":{"line":17,"column":5}},"loc":{"start":{"line":17,"column":12},"end":{"line":21,"column":5}},"line":17},"3":{"name":"(anonymous_3)","decl":{"start":{"line":19,"column":54},"end":{"line":19,"column":55}},"loc":{"start":{"line":19,"column":66},"end":{"line":19,"column":102}},"line":19},"4":{"name":"(anonymous_4)","decl":{"start":{"line":23,"column":4},"end":{"line":23,"column":5}},"loc":{"start":{"line":23,"column":22},"end":{"line":28,"column":5}},"line":23},"5":{"name":"(anonymous_5)","decl":{"start":{"line":33,"column":4},"end":{"line":33,"column":5}},"loc":{"start":{"line":33,"column":16},"end":{"line":36,"column":5}},"line":33},"6":{"name":"(anonymous_6)","decl":{"start":{"line":43,"column":4},"end":{"line":43,"column":5}},"loc":{"start":{"line":43,"column":17},"end":{"line":51,"column":5}},"line":43},"7":{"name":"(anonymous_7)","decl":{"start":{"line":56,"column":4},"end":{"line":56,"column":5}},"loc":{"start":{"line":56,"column":20},"end":{"line":60,"column":5}},"line":56},"8":{"name":"(anonymous_8)","decl":{"start":{"line":66,"column":4},"end":{"line":66,"column":5}},"loc":{"start":{"line":66,"column":13},"end":{"line":80,"column":5}},"line":66},"9":{"name":"(anonymous_9)","decl":{"start":{"line":85,"column":4},"end":{"line":85,"column":5}},"loc":{"start":{"line":85,"column":13},"end":{"line":88,"column":5}},"line":85},"10":{"name":"(anonymous_10)","decl":{"start":{"line":90,"column":4},"end":{"line":90,"column":5}},"loc":{"start":{"line":90,"column":18},"end":{"line":128,"column":5}},"line":90},"11":{"name":"(anonymous_11)","decl":{"start":{"line":135,"column":4},"end":{"line":135,"column":5}},"loc":{"start":{"line":135,"column":14},"end":{"line":150,"column":5}},"line":135}},"branchMap":{"0":{"loc":{"start":{"line":19,"column":66},"end":{"line":19,"column":102}},"type":"cond-expr","locations":[{"start":{"line":19,"column":89},"end":{"line":19,"column":98}},{"start":{"line":19,"column":101},"end":{"line":19,"column":102}}],"line":19},"1":{"loc":{"start":{"line":35,"column":27},"end":{"line":35,"column":64}},"type":"binary-expr","locations":[{"start":{"line":35,"column":27},"end":{"line":35,"column":56}},{"start":{"line":35,"column":60},"end":{"line":35,"column":64}}],"line":35},"2":{"loc":{"start":{"line":44,"column":8},"end":{"line":47,"column":9}},"type":"if","locations":[{"start":{"line":44,"column":8},"end":{"line":47,"column":9}},{"start":{"line":44,"column":8},"end":{"line":47,"column":9}}],"line":44},"3":{"loc":{"start":{"line":44,"column":11},"end":{"line":44,"column":54}},"type":"binary-expr","locations":[{"start":{"line":44,"column":11},"end":{"line":44,"column":18}},{"start":{"line":44,"column":22},"end":{"line":44,"column":54}}],"line":44},"4":{"loc":{"start":{"line":74,"column":8},"end":{"line":77,"column":9}},"type":"if","locations":[{"start":{"line":74,"column":8},"end":{"line":77,"column":9}},{"start":{"line":74,"column":8},"end":{"line":77,"column":9}}],"line":74},"5":{"loc":{"start":{"line":74,"column":11},"end":{"line":74,"column":68}},"type":"binary-expr","locations":[{"start":{"line":74,"column":11},"end":{"line":74,"column":32}},{"start":{"line":74,"column":36},"end":{"line":74,"column":51}},{"start":{"line":74,"column":55},"end":{"line":74,"column":68}}],"line":74},"6":{"loc":{"start":{"line":87,"column":27},"end":{"line":87,"column":64}},"type":"binary-expr","locations":[{"start":{"line":87,"column":27},"end":{"line":87,"column":56}},{"start":{"line":87,"column":60},"end":{"line":87,"column":64}}],"line":87},"7":{"loc":{"start":{"line":94,"column":8},"end":{"line":120,"column":9}},"type":"if","locations":[{"start":{"line":94,"column":8},"end":{"line":120,"column":9}},{"start":{"line":94,"column":8},"end":{"line":120,"column":9}}],"line":94},"8":{"loc":{"start":{"line":97,"column":12},"end":{"line":118,"column":13}},"type":"switch","locations":[{"start":{"line":98,"column":16},"end":{"line":100,"column":26}},{"start":{"line":101,"column":16},"end":{"line":103,"column":26}},{"start":{"line":104,"column":16},"end":{"line":106,"column":26}},{"start":{"line":107,"column":16},"end":{"line":109,"column":26}},{"start":{"line":110,"column":16},"end":{"line":112,"column":26}},{"start":{"line":113,"column":16},"end":{"line":115,"column":26}},{"start":{"line":116,"column":16},"end":{"line":117,"column":43}}],"line":97},"9":{"loc":{"start":{"line":122,"column":8},"end":{"line":125,"column":9}},"type":"if","locations":[{"start":{"line":122,"column":8},"end":{"line":125,"column":9}},{"start":{"line":122,"column":8},"end":{"line":125,"column":9}}],"line":122},"10":{"loc":{"start":{"line":142,"column":12},"end":{"line":145,"column":13}},"type":"if","locations":[{"start":{"line":142,"column":12},"end":{"line":145,"column":13}},{"start":{"line":142,"column":12},"end":{"line":145,"column":13}}],"line":142}},"s":{"0":5,"1":5,"2":5,"3":5,"4":5,"5":393,"6":517,"7":4,"8":15,"9":4,"10":46,"11":46,"12":46,"13":46,"14":59,"15":59,"16":5,"17":2,"18":2,"19":3,"20":3,"21":225,"22":74,"23":88,"24":88,"25":112,"26":112,"27":88,"28":1,"29":1,"30":87,"31":324,"32":324,"33":220,"34":220,"35":220,"36":85,"37":135,"38":24,"39":24,"40":19,"41":19,"42":19,"43":19,"44":6,"45":6,"46":12,"47":12,"48":24,"49":24,"50":29,"51":135,"52":220,"53":2,"54":2,"55":219,"56":5,"57":5,"58":5,"59":32,"60":31,"61":1,"62":1,"63":30,"64":30,"65":5},"f":{"0":393,"1":517,"2":4,"3":15,"4":46,"5":59,"6":5,"7":225,"8":88,"9":324,"10":220,"11":5},"b":{"0":[2,13],"1":[59,2],"2":[2,3],"3":[5,4],"4":[1,87],"5":[88,88,88],"6":[324,62],"7":[85,135],"8":[24,19,19,6,12,24,29],"9":[2,218],"10":[1,30]},"_coverageSchema":"332fd63041d2c1bcb487cc26dd0d5f7d97098a6c","hash":"e371d7c552d8b85889a7190ed4cbfc90dde9af9a"}
,"/Users/dcampion/Documents/interpreter-compiler-studies/src/arithmetic-interpreter/modules/Parser.js": {"path":"/Users/dcampion/Documents/interpreter-compiler-studies/src/arithmetic-interpreter/modules/Parser.js","statementMap":{"0":{"start":{"line":1,"column":18},"end":{"line":1,"column":49}},"1":{"start":{"line":2,"column":48},"end":{"line":2,"column":84}},"2":{"start":{"line":3,"column":16},"end":{"line":3,"column":43}},"3":{"start":{"line":4,"column":12},"end":{"line":4,"column":37}},"4":{"start":{"line":5,"column":26},"end":{"line":5,"column":53}},"5":{"start":{"line":9,"column":8},"end":{"line":9,"column":27}},"6":{"start":{"line":10,"column":8},"end":{"line":10,"column":32}},"7":{"start":{"line":11,"column":8},"end":{"line":11,"column":54}},"8":{"start":{"line":15,"column":8},"end":{"line":15,"column":107}},"9":{"start":{"line":16,"column":8},"end":{"line":16,"column":16}},"10":{"start":{"line":20,"column":8},"end":{"line":20,"column":37}},"11":{"start":{"line":21,"column":8},"end":{"line":29,"column":9}},"12":{"start":{"line":22,"column":26},"end":{"line":22,"column":43}},"13":{"start":{"line":23,"column":12},"end":{"line":23,"column":58}},"14":{"start":{"line":24,"column":12},"end":{"line":24,"column":25}},"15":{"start":{"line":26,"column":12},"end":{"line":28,"column":14}},"16":{"start":{"line":33,"column":22},"end":{"line":33,"column":100}},"17":{"start":{"line":36,"column":8},"end":{"line":49,"column":9}},"18":{"start":{"line":38,"column":16},"end":{"line":38,"column":61}},"19":{"start":{"line":39,"column":16},"end":{"line":39,"column":22}},"20":{"start":{"line":41,"column":16},"end":{"line":41,"column":61}},"21":{"start":{"line":42,"column":16},"end":{"line":42,"column":22}},"22":{"start":{"line":44,"column":16},"end":{"line":44,"column":45}},"23":{"start":{"line":45,"column":16},"end":{"line":45,"column":22}},"24":{"start":{"line":47,"column":16},"end":{"line":47,"column":39}},"25":{"start":{"line":48,"column":16},"end":{"line":48,"column":42}},"26":{"start":{"line":51,"column":8},"end":{"line":51,"column":20}},"27":{"start":{"line":55,"column":19},"end":{"line":55,"column":32}},"28":{"start":{"line":57,"column":8},"end":{"line":60,"column":9}},"29":{"start":{"line":58,"column":29},"end":{"line":58,"column":75}},"30":{"start":{"line":59,"column":12},"end":{"line":59,"column":67}},"31":{"start":{"line":62,"column":8},"end":{"line":62,"column":20}},"32":{"start":{"line":66,"column":19},"end":{"line":66,"column":30}},"33":{"start":{"line":68,"column":8},"end":{"line":72,"column":9}},"34":{"start":{"line":69,"column":29},"end":{"line":69,"column":70}},"35":{"start":{"line":71,"column":12},"end":{"line":71,"column":65}},"36":{"start":{"line":74,"column":8},"end":{"line":74,"column":20}},"37":{"start":{"line":78,"column":8},"end":{"line":78,"column":27}},"38":{"start":{"line":82,"column":8},"end":{"line":82,"column":31}},"39":{"start":{"line":86,"column":0},"end":{"line":86,"column":24}}},"fnMap":{"0":{"name":"(anonymous_0)","decl":{"start":{"line":8,"column":4},"end":{"line":8,"column":5}},"loc":{"start":{"line":8,"column":22},"end":{"line":12,"column":5}},"line":8},"1":{"name":"(anonymous_1)","decl":{"start":{"line":14,"column":4},"end":{"line":14,"column":5}},"loc":{"start":{"line":14,"column":13},"end":{"line":17,"column":5}},"line":14},"2":{"name":"(anonymous_2)","decl":{"start":{"line":19,"column":4},"end":{"line":19,"column":5}},"loc":{"start":{"line":19,"column":35},"end":{"line":30,"column":5}},"line":19},"3":{"name":"(anonymous_3)","decl":{"start":{"line":32,"column":4},"end":{"line":32,"column":5}},"loc":{"start":{"line":32,"column":12},"end":{"line":52,"column":5}},"line":32},"4":{"name":"(anonymous_4)","decl":{"start":{"line":54,"column":4},"end":{"line":54,"column":5}},"loc":{"start":{"line":54,"column":10},"end":{"line":63,"column":5}},"line":54},"5":{"name":"(anonymous_5)","decl":{"start":{"line":65,"column":4},"end":{"line":65,"column":5}},"loc":{"start":{"line":65,"column":10},"end":{"line":75,"column":5}},"line":65},"6":{"name":"(anonymous_6)","decl":{"start":{"line":77,"column":4},"end":{"line":77,"column":5}},"loc":{"start":{"line":77,"column":14},"end":{"line":79,"column":5}},"line":77},"7":{"name":"(anonymous_7)","decl":{"start":{"line":81,"column":4},"end":{"line":81,"column":5}},"loc":{"start":{"line":81,"column":11},"end":{"line":83,"column":5}},"line":81}},"branchMap":{"0":{"loc":{"start":{"line":21,"column":8},"end":{"line":29,"column":9}},"type":"if","locations":[{"start":{"line":21,"column":8},"end":{"line":29,"column":9}},{"start":{"line":21,"column":8},"end":{"line":29,"column":9}}],"line":21},"1":{"loc":{"start":{"line":36,"column":8},"end":{"line":49,"column":9}},"type":"switch","locations":[{"start":{"line":37,"column":12},"end":{"line":39,"column":22}},{"start":{"line":40,"column":12},"end":{"line":42,"column":22}},{"start":{"line":43,"column":12},"end":{"line":45,"column":22}},{"start":{"line":46,"column":12},"end":{"line":48,"column":42}}],"line":36}},"s":{"0":4,"1":4,"2":4,"3":4,"4":4,"5":28,"6":28,"7":28,"8":0,"9":0,"10":151,"11":151,"12":150,"13":150,"14":150,"15":1,"16":93,"17":93,"18":2,"19":2,"20":11,"21":11,"22":69,"23":69,"24":11,"25":11,"26":93,"27":55,"28":55,"29":21,"30":21,"31":55,"32":31,"33":31,"34":22,"35":22,"36":31,"37":29,"38":17,"39":4},"f":{"0":28,"1":0,"2":151,"3":93,"4":55,"5":31,"6":29,"7":17},"b":{"0":[150,1],"1":[2,11,69,11]},"_coverageSchema":"332fd63041d2c1bcb487cc26dd0d5f7d97098a6c","hash":"4f20bcb6dc98c48f4954d76f46edac573c4d631a"}
,"/Users/dcampion/Documents/interpreter-compiler-studies/src/arithmetic-interpreter/modules/Token.js": {"path":"/Users/dcampion/Documents/interpreter-compiler-studies/src/arithmetic-interpreter/modules/Token.js","statementMap":{"0":{"start":{"line":3,"column":8},"end":{"line":3,"column":33}},"1":{"start":{"line":6,"column":8},"end":{"line":6,"column":25}},"2":{"start":{"line":7,"column":8},"end":{"line":7,"column":27}},"3":{"start":{"line":11,"column":8},"end":{"line":11,"column":40}},"4":{"start":{"line":15,"column":8},"end":{"line":15,"column":39}},"5":{"start":{"line":19,"column":8},"end":{"line":19,"column":52}},"6":{"start":{"line":23,"column":0},"end":{"line":23,"column":23}}},"fnMap":{"0":{"name":"(anonymous_0)","decl":{"start":{"line":2,"column":4},"end":{"line":2,"column":5}},"loc":{"start":{"line":2,"column":24},"end":{"line":4,"column":5}},"line":2},"1":{"name":"(anonymous_1)","decl":{"start":{"line":5,"column":4},"end":{"line":5,"column":5}},"loc":{"start":{"line":5,"column":36},"end":{"line":8,"column":5}},"line":5},"2":{"name":"(anonymous_2)","decl":{"start":{"line":10,"column":4},"end":{"line":10,"column":5}},"loc":{"start":{"line":10,"column":17},"end":{"line":12,"column":5}},"line":10},"3":{"name":"(anonymous_3)","decl":{"start":{"line":14,"column":4},"end":{"line":14,"column":5}},"loc":{"start":{"line":14,"column":17},"end":{"line":16,"column":5}},"line":14},"4":{"name":"(anonymous_4)","decl":{"start":{"line":18,"column":4},"end":{"line":18,"column":5}},"loc":{"start":{"line":18,"column":15},"end":{"line":20,"column":5}},"line":18}},"branchMap":{"0":{"loc":{"start":{"line":5,"column":22},"end":{"line":5,"column":34}},"type":"default-arg","locations":[{"start":{"line":5,"column":30},"end":{"line":5,"column":34}}],"line":5}},"s":{"0":0,"1":224,"2":224,"3":10,"4":44,"5":1,"6":5},"f":{"0":0,"1":224,"2":10,"3":44,"4":1},"b":{"0":[35]},"_coverageSchema":"332fd63041d2c1bcb487cc26dd0d5f7d97098a6c","hash":"5608ce9e2835fe35de6ed55a874400569e3aa066"}
,"/Users/dcampion/Documents/interpreter-compiler-studies/src/arithmetic-interpreter/modules/Visitor.js": {"path":"/Users/dcampion/Documents/interpreter-compiler-studies/src/arithmetic-interpreter/modules/Visitor.js","statementMap":{"0":{"start":{"line":3,"column":8},"end":{"line":5,"column":9}},"1":{"start":{"line":4,"column":12},"end":{"line":4,"column":95}},"2":{"start":{"line":9,"column":8},"end":{"line":9,"column":81}},"3":{"start":{"line":13,"column":28},"end":{"line":13,"column":60}},"4":{"start":{"line":14,"column":24},"end":{"line":14,"column":87}},"5":{"start":{"line":16,"column":8},"end":{"line":16,"column":29}},"6":{"start":{"line":20,"column":0},"end":{"line":20,"column":25}}},"fnMap":{"0":{"name":"(anonymous_0)","decl":{"start":{"line":2,"column":4},"end":{"line":2,"column":5}},"loc":{"start":{"line":2,"column":18},"end":{"line":6,"column":5}},"line":2},"1":{"name":"(anonymous_1)","decl":{"start":{"line":8,"column":4},"end":{"line":8,"column":5}},"loc":{"start":{"line":8,"column":24},"end":{"line":10,"column":5}},"line":8},"2":{"name":"(anonymous_2)","decl":{"start":{"line":12,"column":4},"end":{"line":12,"column":5}},"loc":{"start":{"line":12,"column":16},"end":{"line":17,"column":5}},"line":12}},"branchMap":{"0":{"loc":{"start":{"line":3,"column":8},"end":{"line":5,"column":9}},"type":"if","locations":[{"start":{"line":3,"column":8},"end":{"line":5,"column":9}},{"start":{"line":3,"column":8},"end":{"line":5,"column":9}}],"line":3},"1":{"loc":{"start":{"line":14,"column":24},"end":{"line":14,"column":87}},"type":"binary-expr","locations":[{"start":{"line":14,"column":24},"end":{"line":14,"column":52}},{"start":{"line":14,"column":56},"end":{"line":14,"column":87}}],"line":14}},"s":{"0":16,"1":0,"2":0,"3":103,"4":103,"5":103,"6":3},"f":{"0":16,"1":0,"2":103},"b":{"0":[0,16],"1":[103,0]},"_coverageSchema":"332fd63041d2c1bcb487cc26dd0d5f7d97098a6c","hash":"1555d24ccd8cb6f278e13a78ae5f02c6112a96c1"}
,"/Users/dcampion/Documents/interpreter-compiler-studies/src/arithmetic-interpreter/types/symbols.js": {"path":"/Users/dcampion/Documents/interpreter-compiler-studies/src/arithmetic-interpreter/types/symbols.js","statementMap":{"0":{"start":{"line":3,"column":0},"end":{"line":10,"column":2}}},"fnMap":{},"branchMap":{},"s":{"0":5},"f":{},"b":{},"_coverageSchema":"332fd63041d2c1bcb487cc26dd0d5f7d97098a6c","hash":"ff6742b5230c1369414e5df3c866e227104996f3"}
,"/Users/dcampion/Documents/interpreter-compiler-studies/src/arithmetic-interpreter/types/token-types.js": {"path":"/Users/dcampion/Documents/interpreter-compiler-studies/src/arithmetic-interpreter/types/token-types.js","statementMap":{"0":{"start":{"line":1,"column":0},"end":{"line":11,"column":2}}},"fnMap":{},"branchMap":{},"s":{"0":5},"f":{},"b":{},"_coverageSchema":"332fd63041d2c1bcb487cc26dd0d5f7d97098a6c","hash":"dcfa0a356b691ebc6b244077ac1e9a7a649a88a2"}
,"/Users/dcampion/Documents/interpreter-compiler-studies/src/data-structures/AST/AST.js": {"path":"/Users/dcampion/Documents/interpreter-compiler-studies/src/data-structures/AST/AST.js","statementMap":{"0":{"start":{"line":13,"column":8},"end":{"line":15,"column":9}},"1":{"start":{"line":14,"column":12},"end":{"line":14,"column":91}},"2":{"start":{"line":16,"column":8},"end":{"line":16,"column":27}},"3":{"start":{"line":20,"column":0},"end":{"line":20,"column":21}}},"fnMap":{"0":{"name":"(anonymous_0)","decl":{"start":{"line":12,"column":4},"end":{"line":12,"column":5}},"loc":{"start":{"line":12,"column":23},"end":{"line":17,"column":5}},"line":12}},"branchMap":{"0":{"loc":{"start":{"line":13,"column":8},"end":{"line":15,"column":9}},"type":"if","locations":[{"start":{"line":13,"column":8},"end":{"line":15,"column":9}},{"start":{"line":13,"column":8},"end":{"line":15,"column":9}}],"line":13}},"s":{"0":125,"1":0,"2":125,"3":4},"f":{"0":125},"b":{"0":[0,125]},"_coverageSchema":"332fd63041d2c1bcb487cc26dd0d5f7d97098a6c","hash":"859a6d91a7108044a1208c88477d9e93bfb889eb"}
,"/Users/dcampion/Documents/interpreter-compiler-studies/src/data-structures/AST/BinaryOp.js": {"path":"/Users/dcampion/Documents/interpreter-compiler-studies/src/data-structures/AST/BinaryOp.js","statementMap":{"0":{"start":{"line":1,"column":12},"end":{"line":1,"column":28}},"1":{"start":{"line":15,"column":8},"end":{"line":15,"column":21}},"2":{"start":{"line":16,"column":8},"end":{"line":16,"column":36}},"3":{"start":{"line":17,"column":8},"end":{"line":17,"column":25}},"4":{"start":{"line":18,"column":8},"end":{"line":18,"column":27}},"5":{"start":{"line":22,"column":0},"end":{"line":22,"column":30}}},"fnMap":{"0":{"name":"(anonymous_0)","decl":{"start":{"line":14,"column":4},"end":{"line":14,"column":5}},"loc":{"start":{"line":14,"column":35},"end":{"line":19,"column":5}},"line":14}},"branchMap":{},"s":{"0":4,"1":43,"2":43,"3":43,"4":43,"5":4},"f":{"0":43},"b":{},"_coverageSchema":"332fd63041d2c1bcb487cc26dd0d5f7d97098a6c","hash":"7993fb20f47b48e66682fb4404b07cddd0cc2f0d"}
,"/Users/dcampion/Documents/interpreter-compiler-studies/src/data-structures/AST/Number.js": {"path":"/Users/dcampion/Documents/interpreter-compiler-studies/src/data-structures/AST/Number.js","statementMap":{"0":{"start":{"line":1,"column":12},"end":{"line":1,"column":28}},"1":{"start":{"line":12,"column":8},"end":{"line":12,"column":21}},"2":{"start":{"line":13,"column":8},"end":{"line":13,"column":33}},"3":{"start":{"line":17,"column":0},"end":{"line":17,"column":28}}},"fnMap":{"0":{"name":"(anonymous_0)","decl":{"start":{"line":11,"column":4},"end":{"line":11,"column":5}},"loc":{"start":{"line":11,"column":23},"end":{"line":14,"column":5}},"line":11}},"branchMap":{},"s":{"0":4,"1":69,"2":69,"3":4},"f":{"0":69},"b":{},"_coverageSchema":"332fd63041d2c1bcb487cc26dd0d5f7d97098a6c","hash":"c7862339017dd936f3f8d7384b854a88742b1b3b"}
,"/Users/dcampion/Documents/interpreter-compiler-studies/src/data-structures/AST/UnaryOp.js": {"path":"/Users/dcampion/Documents/interpreter-compiler-studies/src/data-structures/AST/UnaryOp.js","statementMap":{"0":{"start":{"line":1,"column":12},"end":{"line":1,"column":28}},"1":{"start":{"line":20,"column":8},"end":{"line":20,"column":21}},"2":{"start":{"line":21,"column":8},"end":{"line":21,"column":36}},"3":{"start":{"line":22,"column":8},"end":{"line":22,"column":30}},"4":{"start":{"line":26,"column":0},"end":{"line":26,"column":29}}},"fnMap":{"0":{"name":"(anonymous_0)","decl":{"start":{"line":19,"column":4},"end":{"line":19,"column":5}},"loc":{"start":{"line":19,"column":28},"end":{"line":23,"column":5}},"line":19}},"branchMap":{},"s":{"0":4,"1":13,"2":13,"3":13,"4":4},"f":{"0":13},"b":{},"_coverageSchema":"332fd63041d2c1bcb487cc26dd0d5f7d97098a6c","hash":"80aaa96f5115b37042a76e88f2e72b7448bafd39"}
,"/Users/dcampion/Documents/interpreter-compiler-studies/src/data-structures/AST/index.js": {"path":"/Users/dcampion/Documents/interpreter-compiler-studies/src/data-structures/AST/index.js","statementMap":{"0":{"start":{"line":1,"column":21},"end":{"line":1,"column":42}},"1":{"start":{"line":2,"column":19},"end":{"line":2,"column":38}},"2":{"start":{"line":3,"column":20},"end":{"line":3,"column":40}},"3":{"start":{"line":5,"column":0},"end":{"line":5,"column":57}}},"fnMap":{},"branchMap":{},"s":{"0":4,"1":4,"2":4,"3":4},"f":{},"b":{},"_coverageSchema":"332fd63041d2c1bcb487cc26dd0d5f7d97098a6c","hash":"9ca5601caeacf6a93f3f27fdebc1956a6f2b244f"}
,"/Users/dcampion/Documents/interpreter-compiler-studies/src/util/Error.js": {"path":"/Users/dcampion/Documents/interpreter-compiler-studies/src/util/Error.js","statementMap":{"0":{"start":{"line":3,"column":8},"end":{"line":3,"column":16}},"1":{"start":{"line":4,"column":8},"end":{"line":4,"column":31}},"2":{"start":{"line":5,"column":8},"end":{"line":5,"column":43}},"3":{"start":{"line":11,"column":8},"end":{"line":11,"column":42}},"4":{"start":{"line":17,"column":8},"end":{"line":17,"column":36}},"5":{"start":{"line":21,"column":0},"end":{"line":24,"column":2}}},"fnMap":{"0":{"name":"(anonymous_0)","decl":{"start":{"line":2,"column":4},"end":{"line":2,"column":5}},"loc":{"start":{"line":2,"column":30},"end":{"line":6,"column":5}},"line":2},"1":{"name":"(anonymous_1)","decl":{"start":{"line":10,"column":4},"end":{"line":10,"column":5}},"loc":{"start":{"line":10,"column":24},"end":{"line":12,"column":5}},"line":10},"2":{"name":"(anonymous_2)","decl":{"start":{"line":16,"column":4},"end":{"line":16,"column":5}},"loc":{"start":{"line":16,"column":24},"end":{"line":18,"column":5}},"line":16}},"branchMap":{"0":{"loc":{"start":{"line":5,"column":20},"end":{"line":5,"column":42}},"type":"binary-expr","locations":[{"start":{"line":5,"column":20},"end":{"line":5,"column":24}},{"start":{"line":5,"column":28},"end":{"line":5,"column":42}}],"line":5}},"s":{"0":7,"1":7,"2":7,"3":5,"4":2,"5":5},"f":{"0":7,"1":5,"2":2},"b":{"0":[7,0]},"_coverageSchema":"332fd63041d2c1bcb487cc26dd0d5f7d97098a6c","hash":"2c00695b4c1bc8cfa87e867e847a85fa1a1e2764"}
,"/Users/dcampion/Documents/interpreter-compiler-studies/src/util/Log.js": {"path":"/Users/dcampion/Documents/interpreter-compiler-studies/src/util/Log.js","statementMap":{"0":{"start":{"line":1,"column":14},"end":{"line":1,"column":30}},"1":{"start":{"line":3,"column":19},"end":{"line":3,"column":31}},"2":{"start":{"line":4,"column":19},"end":{"line":4,"column":30}},"3":{"start":{"line":5,"column":20},"end":{"line":5,"column":29}},"4":{"start":{"line":6,"column":20},"end":{"line":6,"column":30}},"5":{"start":{"line":17,"column":8},"end":{"line":34,"column":9}},"6":{"start":{"line":19,"column":16},"end":{"line":19,"column":36}},"7":{"start":{"line":20,"column":16},"end":{"line":20,"column":22}},"8":{"start":{"line":22,"column":16},"end":{"line":22,"column":36}},"9":{"start":{"line":23,"column":16},"end":{"line":23,"column":22}},"10":{"start":{"line":25,"column":16},"end":{"line":25,"column":37}},"11":{"start":{"line":26,"column":16},"end":{"line":26,"column":22}},"12":{"start":{"line":28,"column":16},"end":{"line":28,"column":37}},"13":{"start":{"line":29,"column":16},"end":{"line":29,"column":22}},"14":{"start":{"line":31,"column":16},"end":{"line":31,"column":35}},"15":{"start":{"line":32,"column":16},"end":{"line":32,"column":46}},"16":{"start":{"line":33,"column":16},"end":{"line":33,"column":22}},"17":{"start":{"line":36,"column":8},"end":{"line":36,"column":46}},"18":{"start":{"line":40,"column":8},"end":{"line":40,"column":59}},"19":{"start":{"line":44,"column":8},"end":{"line":44,"column":62}},"20":{"start":{"line":48,"column":8},"end":{"line":48,"column":59}},"21":{"start":{"line":52,"column":8},"end":{"line":52,"column":32}},"22":{"start":{"line":56,"column":8},"end":{"line":56,"column":33}},"23":{"start":{"line":60,"column":8},"end":{"line":60,"column":54}},"24":{"start":{"line":61,"column":8},"end":{"line":61,"column":28}},"25":{"start":{"line":66,"column":0},"end":{"line":66,"column":21}}},"fnMap":{"0":{"name":"(anonymous_0)","decl":{"start":{"line":15,"column":4},"end":{"line":15,"column":5}},"loc":{"start":{"line":15,"column":32},"end":{"line":37,"column":5}},"line":15},"1":{"name":"(anonymous_1)","decl":{"start":{"line":39,"column":4},"end":{"line":39,"column":5}},"loc":{"start":{"line":39,"column":25},"end":{"line":41,"column":5}},"line":39},"2":{"name":"(anonymous_2)","decl":{"start":{"line":43,"column":4},"end":{"line":43,"column":5}},"loc":{"start":{"line":43,"column":26},"end":{"line":45,"column":5}},"line":43},"3":{"name":"(anonymous_3)","decl":{"start":{"line":47,"column":4},"end":{"line":47,"column":5}},"loc":{"start":{"line":47,"column":25},"end":{"line":49,"column":5}},"line":47},"4":{"name":"(anonymous_4)","decl":{"start":{"line":51,"column":4},"end":{"line":51,"column":5}},"loc":{"start":{"line":51,"column":31},"end":{"line":53,"column":5}},"line":51},"5":{"name":"(anonymous_5)","decl":{"start":{"line":55,"column":4},"end":{"line":55,"column":5}},"loc":{"start":{"line":55,"column":30},"end":{"line":57,"column":5}},"line":55},"6":{"name":"(anonymous_6)","decl":{"start":{"line":59,"column":4},"end":{"line":59,"column":5}},"loc":{"start":{"line":59,"column":26},"end":{"line":62,"column":5}},"line":59}},"branchMap":{"0":{"loc":{"start":{"line":17,"column":8},"end":{"line":34,"column":9}},"type":"switch","locations":[{"start":{"line":18,"column":12},"end":{"line":20,"column":22}},{"start":{"line":21,"column":12},"end":{"line":23,"column":22}},{"start":{"line":24,"column":12},"end":{"line":26,"column":22}},{"start":{"line":27,"column":12},"end":{"line":29,"column":22}},{"start":{"line":30,"column":12},"end":{"line":33,"column":22}}],"line":17}},"s":{"0":5,"1":5,"2":5,"3":5,"4":5,"5":4,"6":0,"7":0,"8":0,"9":0,"10":4,"11":4,"12":0,"13":0,"14":0,"15":0,"16":0,"17":4,"18":0,"19":4,"20":0,"21":0,"22":0,"23":0,"24":0,"25":5},"f":{"0":4,"1":0,"2":4,"3":0,"4":0,"5":0,"6":0},"b":{"0":[0,0,4,0,0]},"_coverageSchema":"332fd63041d2c1bcb487cc26dd0d5f7d97098a6c","hash":"3c05824e76aa588d1640a820e244d16655e01c3a"}
}
