TN:
SF:/home/dave/public_html/interpreter-compiler-studies/src/arithmetic-interpreter/modules/Interpreter.js
FN:6,(anonymous_0)
FN:10,(anonymous_1)
FN:15,(anonymous_2)
FN:23,(anonymous_3)
FN:33,(anonymous_4)
FN:43,(anonymous_5)
FN:49,(anonymous_6)
FNF:7
FNH:7
FNDA:13,(anonymous_0)
FNDA:3,(anonymous_1)
FNDA:34,(anonymous_2)
FNDA:17,(anonymous_3)
FNDA:18,(anonymous_4)
FNDA:9,(anonymous_5)
FNDA:3,(anonymous_6)
DA:2,1
DA:3,1
DA:4,1
DA:7,13
DA:11,3
DA:12,3
DA:16,34
DA:24,17
DA:34,18
DA:35,18
DA:36,15
DA:38,3
DA:39,3
DA:44,9
DA:46,9
DA:50,3
DA:51,3
DA:52,5
DA:53,4
DA:54,2
DA:55,2
DA:56,2
DA:60,2
DA:64,1
LF:24
LH:24
BRDA:16,0,0,34
BRDA:16,0,1,1
BRDA:35,1,0,15
BRDA:35,1,1,3
BRDA:53,2,0,2
BRDA:53,2,1,2
BRDA:55,3,0,2
BRDA:55,3,1,0
BRF:8
BRH:7
end_of_record
TN:
SF:/home/dave/public_html/interpreter-compiler-studies/src/arithmetic-interpreter/modules/Lexer.js
FN:9,(anonymous_0)
FN:13,(anonymous_1)
FN:17,(anonymous_2)
FN:19,(anonymous_3)
FN:23,(anonymous_4)
FN:30,(anonymous_5)
FN:35,(anonymous_6)
FN:45,(anonymous_7)
FN:51,(anonymous_8)
FN:67,(anonymous_9)
FN:72,(anonymous_10)
FNF:11
FNH:11
FNDA:143,(anonymous_0)
FNDA:171,(anonymous_1)
FNDA:5,(anonymous_2)
FNDA:19,(anonymous_3)
FNDA:18,(anonymous_4)
FNDA:21,(anonymous_5)
FNDA:5,(anonymous_6)
FNDA:35,(anonymous_7)
FNDA:17,(anonymous_8)
FNDA:60,(anonymous_9)
FNDA:5,(anonymous_10)
DA:2,1
DA:3,1
DA:4,1
DA:5,1
DA:6,1
DA:10,143
DA:14,171
DA:18,5
DA:19,19
DA:20,5
DA:24,18
DA:25,18
DA:26,18
DA:27,18
DA:31,21
DA:32,21
DA:36,5
DA:37,2
DA:38,2
DA:41,3
DA:42,3
DA:46,35
DA:47,14
DA:52,17
DA:53,17
DA:54,27
DA:55,27
DA:59,17
DA:60,1
DA:61,1
DA:64,16
DA:68,60
DA:69,60
DA:73,5
DA:74,5
DA:76,5
DA:77,30
DA:79,30
DA:80,30
DA:81,14
DA:83,16
DA:85,5
DA:86,5
DA:88,2
DA:89,2
DA:91,2
DA:92,2
DA:94,2
DA:95,2
DA:97,3
DA:99,16
DA:100,16
DA:103,30
DA:104,2
DA:105,2
DA:108,28
DA:113,1
LF:57
LH:57
BRDA:19,0,0,2
BRDA:19,0,1,17
BRDA:32,1,0,21
BRDA:32,1,1,2
BRDA:36,2,0,2
BRDA:36,2,1,3
BRDA:36,3,0,5
BRDA:36,3,1,4
BRDA:59,4,0,1
BRDA:59,4,1,16
BRDA:59,5,0,17
BRDA:59,5,1,17
BRDA:59,5,2,17
BRDA:69,6,0,60
BRDA:69,6,1,10
BRDA:80,7,0,14
BRDA:80,7,1,16
BRDA:83,8,0,5
BRDA:83,8,1,2
BRDA:83,8,2,2
BRDA:83,8,3,2
BRDA:83,8,4,3
BRDA:103,9,0,2
BRDA:103,9,1,28
BRF:24
BRH:24
end_of_record
TN:
SF:/home/dave/public_html/interpreter-compiler-studies/src/arithmetic-interpreter/modules/Token.js
FN:2,(anonymous_0)
FN:7,(anonymous_1)
FNF:2
FNH:2
FNDA:61,(anonymous_0)
FNDA:6,(anonymous_1)
DA:3,61
DA:4,61
DA:8,6
DA:12,2
LF:4
LH:4
BRDA:2,0,0,21
BRF:1
BRH:1
end_of_record
TN:
SF:/home/dave/public_html/interpreter-compiler-studies/src/arithmetic-interpreter/types/symbols.js
FNF:0
FNH:0
DA:3,2
LF:1
LH:1
BRF:0
BRH:0
end_of_record
TN:
SF:/home/dave/public_html/interpreter-compiler-studies/src/arithmetic-interpreter/types/token-types.js
FNF:0
FNH:0
DA:1,2
LF:1
LH:1
BRF:0
BRH:0
end_of_record
TN:
SF:/home/dave/public_html/interpreter-compiler-studies/src/util/Error.js
FN:2,(anonymous_0)
FN:10,(anonymous_1)
FN:16,(anonymous_2)
FNF:3
FNH:3
FNDA:8,(anonymous_0)
FNDA:6,(anonymous_1)
FNDA:2,(anonymous_2)
DA:3,8
DA:4,8
DA:5,8
DA:11,6
DA:17,2
DA:21,2
LF:6
LH:6
BRDA:5,0,0,8
BRDA:5,0,1,0
BRF:2
BRH:1
end_of_record
TN:
SF:/home/dave/public_html/interpreter-compiler-studies/src/util/Log.js
FN:15,(anonymous_0)
FN:39,(anonymous_1)
FN:43,(anonymous_2)
FN:47,(anonymous_3)
FN:51,(anonymous_4)
FN:55,(anonymous_5)
FN:59,(anonymous_6)
FNF:7
FNH:2
FNDA:8,(anonymous_0)
FNDA:0,(anonymous_1)
FNDA:8,(anonymous_2)
FNDA:0,(anonymous_3)
FNDA:0,(anonymous_4)
FNDA:0,(anonymous_5)
FNDA:0,(anonymous_6)
DA:1,2
DA:3,2
DA:4,2
DA:5,2
DA:6,2
DA:17,8
DA:19,0
DA:20,0
DA:22,0
DA:23,0
DA:25,8
DA:26,8
DA:28,0
DA:29,0
DA:31,0
DA:32,0
DA:33,0
DA:36,8
DA:40,0
DA:44,8
DA:48,0
DA:52,0
DA:56,0
DA:60,0
DA:61,0
DA:66,2
LF:26
LH:11
BRDA:17,0,0,0
BRDA:17,0,1,0
BRDA:17,0,2,8
BRDA:17,0,3,0
BRDA:17,0,4,0
BRF:5
BRH:1
end_of_record
