TN:
SF:/Users/dcampion/Documents/interpreter-compiler-studies/src/arithmetic-interpreter/interpreters/Arithmetic.js
FN:10,(anonymous_0)
FN:16,(anonymous_1)
FN:29,(anonymous_2)
FN:39,(anonymous_3)
FN:43,(anonymous_4)
FNF:5
FNH:5
FNDA:8,(anonymous_0)
FNDA:16,(anonymous_1)
FNDA:11,(anonymous_2)
FNDA:24,(anonymous_3)
FNDA:8,(anonymous_4)
DA:1,1
DA:2,1
DA:3,1
DA:4,1
DA:11,8
DA:12,8
DA:13,8
DA:17,16
DA:19,4
DA:21,4
DA:23,6
DA:25,2
DA:30,11
DA:32,11
DA:33,1
DA:34,10
DA:35,10
DA:40,24
DA:44,8
DA:45,8
DA:49,1
LF:21
LH:21
BRDA:17,0,0,4
BRDA:17,0,1,4
BRDA:17,0,2,6
BRDA:17,0,3,2
BRDA:32,1,0,1
BRDA:32,1,1,10
BRDA:34,2,0,10
BRDA:34,2,1,0
BRF:8
BRH:7
end_of_record
TN:
SF:/Users/dcampion/Documents/interpreter-compiler-studies/src/arithmetic-interpreter/interpreters/LISP.js
FN:10,(anonymous_0)
FN:16,(anonymous_1)
FN:45,(anonymous_2)
FN:49,(anonymous_3)
FN:53,(anonymous_4)
FNF:5
FNH:4
FNDA:4,(anonymous_0)
FNDA:10,(anonymous_1)
FNDA:0,(anonymous_2)
FNDA:14,(anonymous_3)
FNDA:4,(anonymous_4)
DA:1,1
DA:2,1
DA:3,1
DA:4,1
DA:11,4
DA:12,4
DA:13,4
DA:17,10
DA:19,10
DA:20,10
DA:22,10
DA:23,7
DA:26,10
DA:29,2
DA:31,8
DA:34,10
DA:37,1
DA:39,9
DA:42,10
DA:50,14
DA:54,4
DA:55,4
DA:59,1
LF:23
LH:23
BRDA:22,0,0,7
BRDA:22,0,1,3
BRDA:26,1,0,2
BRDA:26,1,1,8
BRDA:26,2,0,10
BRDA:26,2,1,5
BRDA:34,3,0,1
BRDA:34,3,1,9
BRDA:34,4,0,10
BRDA:34,4,1,1
BRF:10
BRH:10
end_of_record
TN:
SF:/Users/dcampion/Documents/interpreter-compiler-studies/src/arithmetic-interpreter/interpreters/Postfix.js
FN:10,(anonymous_0)
FN:16,(anonymous_1)
FN:20,(anonymous_2)
FN:24,(anonymous_3)
FN:28,(anonymous_4)
FNF:5
FNH:4
FNDA:4,(anonymous_0)
FNDA:12,(anonymous_1)
FNDA:0,(anonymous_2)
FNDA:16,(anonymous_3)
FNDA:4,(anonymous_4)
DA:1,1
DA:2,1
DA:3,1
DA:4,1
DA:11,4
DA:12,4
DA:13,4
DA:17,12
DA:25,16
DA:29,4
DA:30,4
DA:34,1
LF:12
LH:12
BRF:0
BRH:0
end_of_record
TN:
SF:/Users/dcampion/Documents/interpreter-compiler-studies/src/arithmetic-interpreter/modules/Lexer.js
FN:9,(anonymous_0)
FN:13,(anonymous_1)
FN:17,(anonymous_2)
FN:19,(anonymous_3)
FN:23,(anonymous_4)
FN:33,(anonymous_5)
FN:43,(anonymous_6)
FN:56,(anonymous_7)
FN:66,(anonymous_8)
FN:85,(anonymous_9)
FN:90,(anonymous_10)
FN:135,(anonymous_11)
FNF:12
FNH:12
FNDA:393,(anonymous_0)
FNDA:517,(anonymous_1)
FNDA:4,(anonymous_2)
FNDA:15,(anonymous_3)
FNDA:46,(anonymous_4)
FNDA:59,(anonymous_5)
FNDA:5,(anonymous_6)
FNDA:225,(anonymous_7)
FNDA:88,(anonymous_8)
FNDA:324,(anonymous_9)
FNDA:220,(anonymous_10)
FNDA:5,(anonymous_11)
DA:2,5
DA:3,5
DA:4,5
DA:5,5
DA:6,5
DA:10,393
DA:14,517
DA:18,4
DA:19,15
DA:20,4
DA:24,46
DA:25,46
DA:26,46
DA:27,46
DA:34,59
DA:35,59
DA:44,5
DA:45,2
DA:46,2
DA:49,3
DA:50,3
DA:57,225
DA:58,74
DA:67,88
DA:68,88
DA:69,112
DA:70,112
DA:74,88
DA:75,1
DA:76,1
DA:79,87
DA:86,324
DA:87,324
DA:91,220
DA:92,220
DA:94,220
DA:95,85
DA:97,135
DA:99,24
DA:100,24
DA:102,19
DA:103,19
DA:105,19
DA:106,19
DA:108,6
DA:109,6
DA:111,12
DA:112,12
DA:114,24
DA:115,24
DA:117,29
DA:119,135
DA:122,220
DA:123,2
DA:124,2
DA:127,219
DA:136,5
DA:137,5
DA:139,5
DA:140,32
DA:142,31
DA:143,1
DA:144,1
DA:146,30
DA:148,30
DA:153,5
LF:66
LH:66
BRDA:19,0,0,2
BRDA:19,0,1,13
BRDA:35,1,0,59
BRDA:35,1,1,2
BRDA:44,2,0,2
BRDA:44,2,1,3
BRDA:44,3,0,5
BRDA:44,3,1,4
BRDA:74,4,0,1
BRDA:74,4,1,87
BRDA:74,5,0,88
BRDA:74,5,1,88
BRDA:74,5,2,88
BRDA:87,6,0,324
BRDA:87,6,1,62
BRDA:94,7,0,85
BRDA:94,7,1,135
BRDA:97,8,0,24
BRDA:97,8,1,19
BRDA:97,8,2,19
BRDA:97,8,3,6
BRDA:97,8,4,12
BRDA:97,8,5,24
BRDA:97,8,6,29
BRDA:122,9,0,2
BRDA:122,9,1,218
BRDA:142,10,0,1
BRDA:142,10,1,30
BRF:28
BRH:28
end_of_record
TN:
SF:/Users/dcampion/Documents/interpreter-compiler-studies/src/arithmetic-interpreter/modules/Parser.js
FN:8,(anonymous_0)
FN:14,(anonymous_1)
FN:19,(anonymous_2)
FN:32,(anonymous_3)
FN:54,(anonymous_4)
FN:65,(anonymous_5)
FN:77,(anonymous_6)
FN:81,(anonymous_7)
FNF:8
FNH:7
FNDA:28,(anonymous_0)
FNDA:0,(anonymous_1)
FNDA:151,(anonymous_2)
FNDA:93,(anonymous_3)
FNDA:55,(anonymous_4)
FNDA:31,(anonymous_5)
FNDA:29,(anonymous_6)
FNDA:17,(anonymous_7)
DA:1,4
DA:2,4
DA:3,4
DA:4,4
DA:5,4
DA:9,28
DA:10,28
DA:11,28
DA:15,0
DA:16,0
DA:20,151
DA:21,151
DA:22,150
DA:23,150
DA:24,150
DA:26,1
DA:33,93
DA:36,93
DA:38,2
DA:39,2
DA:41,11
DA:42,11
DA:44,69
DA:45,69
DA:47,11
DA:48,11
DA:51,93
DA:55,55
DA:57,55
DA:58,21
DA:59,21
DA:62,55
DA:66,31
DA:68,31
DA:69,22
DA:71,22
DA:74,31
DA:78,29
DA:82,17
DA:86,4
LF:40
LH:38
BRDA:21,0,0,150
BRDA:21,0,1,1
BRDA:36,1,0,2
BRDA:36,1,1,11
BRDA:36,1,2,69
BRDA:36,1,3,11
BRF:6
BRH:6
end_of_record
TN:
SF:/Users/dcampion/Documents/interpreter-compiler-studies/src/arithmetic-interpreter/modules/Token.js
FN:2,(anonymous_0)
FN:5,(anonymous_1)
FN:10,(anonymous_2)
FN:14,(anonymous_3)
FN:18,(anonymous_4)
FNF:5
FNH:4
FNDA:0,(anonymous_0)
FNDA:224,(anonymous_1)
FNDA:10,(anonymous_2)
FNDA:44,(anonymous_3)
FNDA:1,(anonymous_4)
DA:3,0
DA:6,224
DA:7,224
DA:11,10
DA:15,44
DA:19,1
DA:23,5
LF:7
LH:6
BRDA:5,0,0,35
BRF:1
BRH:1
end_of_record
TN:
SF:/Users/dcampion/Documents/interpreter-compiler-studies/src/arithmetic-interpreter/modules/Visitor.js
FN:2,(anonymous_0)
FN:8,(anonymous_1)
FN:12,(anonymous_2)
FNF:3
FNH:2
FNDA:16,(anonymous_0)
FNDA:0,(anonymous_1)
FNDA:103,(anonymous_2)
DA:3,16
DA:4,0
DA:9,0
DA:13,103
DA:14,103
DA:16,103
DA:20,3
LF:7
LH:5
BRDA:3,0,0,0
BRDA:3,0,1,16
BRDA:14,1,0,103
BRDA:14,1,1,0
BRF:4
BRH:2
end_of_record
TN:
SF:/Users/dcampion/Documents/interpreter-compiler-studies/src/arithmetic-interpreter/types/symbols.js
FNF:0
FNH:0
DA:3,5
LF:1
LH:1
BRF:0
BRH:0
end_of_record
TN:
SF:/Users/dcampion/Documents/interpreter-compiler-studies/src/arithmetic-interpreter/types/token-types.js
FNF:0
FNH:0
DA:1,5
LF:1
LH:1
BRF:0
BRH:0
end_of_record
TN:
SF:/Users/dcampion/Documents/interpreter-compiler-studies/src/data-structures/AST/AST.js
FN:12,(anonymous_0)
FNF:1
FNH:1
FNDA:125,(anonymous_0)
DA:13,125
DA:14,0
DA:16,125
DA:20,4
LF:4
LH:3
BRDA:13,0,0,0
BRDA:13,0,1,125
BRF:2
BRH:1
end_of_record
TN:
SF:/Users/dcampion/Documents/interpreter-compiler-studies/src/data-structures/AST/BinaryOp.js
FN:14,(anonymous_0)
FNF:1
FNH:1
FNDA:43,(anonymous_0)
DA:1,4
DA:15,43
DA:16,43
DA:17,43
DA:18,43
DA:22,4
LF:6
LH:6
BRF:0
BRH:0
end_of_record
TN:
SF:/Users/dcampion/Documents/interpreter-compiler-studies/src/data-structures/AST/Number.js
FN:11,(anonymous_0)
FNF:1
FNH:1
FNDA:69,(anonymous_0)
DA:1,4
DA:12,69
DA:13,69
DA:17,4
LF:4
LH:4
BRF:0
BRH:0
end_of_record
TN:
SF:/Users/dcampion/Documents/interpreter-compiler-studies/src/data-structures/AST/UnaryOp.js
FN:19,(anonymous_0)
FNF:1
FNH:1
FNDA:13,(anonymous_0)
DA:1,4
DA:20,13
DA:21,13
DA:22,13
DA:26,4
LF:5
LH:5
BRF:0
BRH:0
end_of_record
TN:
SF:/Users/dcampion/Documents/interpreter-compiler-studies/src/data-structures/AST/index.js
FNF:0
FNH:0
DA:1,4
DA:2,4
DA:3,4
DA:5,4
LF:4
LH:4
BRF:0
BRH:0
end_of_record
TN:
SF:/Users/dcampion/Documents/interpreter-compiler-studies/src/util/Error.js
FN:2,(anonymous_0)
FN:10,(anonymous_1)
FN:16,(anonymous_2)
FNF:3
FNH:3
FNDA:7,(anonymous_0)
FNDA:5,(anonymous_1)
FNDA:2,(anonymous_2)
DA:3,7
DA:4,7
DA:5,7
DA:11,5
DA:17,2
DA:21,5
LF:6
LH:6
BRDA:5,0,0,7
BRDA:5,0,1,0
BRF:2
BRH:1
end_of_record
TN:
SF:/Users/dcampion/Documents/interpreter-compiler-studies/src/util/Log.js
FN:15,(anonymous_0)
FN:39,(anonymous_1)
FN:43,(anonymous_2)
FN:47,(anonymous_3)
FN:51,(anonymous_4)
FN:55,(anonymous_5)
FN:59,(anonymous_6)
FNF:7
FNH:2
FNDA:4,(anonymous_0)
FNDA:0,(anonymous_1)
FNDA:4,(anonymous_2)
FNDA:0,(anonymous_3)
FNDA:0,(anonymous_4)
FNDA:0,(anonymous_5)
FNDA:0,(anonymous_6)
DA:1,5
DA:3,5
DA:4,5
DA:5,5
DA:6,5
DA:17,4
DA:19,0
DA:20,0
DA:22,0
DA:23,0
DA:25,4
DA:26,4
DA:28,0
DA:29,0
DA:31,0
DA:32,0
DA:33,0
DA:36,4
DA:40,0
DA:44,4
DA:48,0
DA:52,0
DA:56,0
DA:60,0
DA:61,0
DA:66,5
LF:26
LH:11
BRDA:17,0,0,0
BRDA:17,0,1,0
BRDA:17,0,2,4
BRDA:17,0,3,0
BRDA:17,0,4,0
BRF:5
BRH:1
end_of_record
